<?xml version="1.0" encoding="UTF-8"?>
<testsuite name="com.bounswe.group9.mobile.SmokeUnitTest" tests="2" skipped="0" failures="0" errors="0" timestamp="2026-05-12T18:50:07.911Z" hostname="runnervmeorf1" time="1.162">
  <properties/>
  <testcase name="jupiter_runs_and_asserts()" classname="com.bounswe.group9.mobile.SmokeUnitTest" time="0.012"/>
  <testcase name="mockk_records_and_verifies_calls()" classname="com.bounswe.group9.mobile.SmokeUnitTest" time="1.136"/>
  <system-out><![CDATA[]]></system-out>
  <system-err><![CDATA[WARNING: A Java agent has been loaded dynamically (/home/runner/.gradle/caches/modules-2/files-2.1/net.bytebuddy/byte-buddy-agent/1.14.6/46e2545d7a97b6ccb195621650c5957279eb4812/byte-buddy-agent-1.14.6.jar)
WARNING: If a serviceability tool is in use, please run with -XX:+EnableDynamicAgentLoading to hide this warning
WARNING: If a serviceability tool is not in use, please run with -Djdk.instrument.traceUsage for more information
WARNING: Dynamic loading of agents will be disallowed by default in a future release
]]></system-err>
</testsuite>
