<?xml version="1.0" encoding="UTF-8"?>
<testsuite name="com.bounswe.group9.mobile.ui.navigation.RoutesTest" tests="4" skipped="0" failures="0" errors="0" timestamp="2026-05-12T18:50:12.069Z" hostname="runnervmeorf1" time="0.005">
  <properties/>
  <testcase name="inviteAccept route encodes both eventId and inviteToken in order()" classname="com.bounswe.group9.mobile.ui.navigation.RoutesTest" time="0.001"/>
  <testcase name="hostProfile returns the path that matches its route template()" classname="com.bounswe.group9.mobile.ui.navigation.RoutesTest" time="0.001"/>
  <testcase name="editEvent returns the path that matches its route template()" classname="com.bounswe.group9.mobile.ui.navigation.RoutesTest" time="0.001"/>
  <testcase name="eventDetail returns the path that matches its route template()" classname="com.bounswe.group9.mobile.ui.navigation.RoutesTest" time="0.001"/>
  <system-out><![CDATA[]]></system-out>
  <system-err><![CDATA[]]></system-err>
</testsuite>
