<?xml version="1.0" encoding="UTF-8"?>
<testsuite name="com.bounswe.group9.mobile.data.remote.NotificationApiContractTest" tests="2" skipped="0" failures="0" errors="0" timestamp="2026-05-12T18:50:09.524Z" hostname="runnervmeorf1" time="0.427">
  <properties/>
  <testcase name="getNotifications encodes paging and sends bearer header()" classname="com.bounswe.group9.mobile.data.remote.NotificationApiContractTest" time="0.335"/>
  <testcase name="getNotifications wraps a 5xx response in Result failure()" classname="com.bounswe.group9.mobile.data.remote.NotificationApiContractTest" time="0.086"/>
  <system-out><![CDATA[]]></system-out>
  <system-err><![CDATA[]]></system-err>
</testsuite>
