<?xml version="1.0" encoding="UTF-8"?>
<testsuite name="com.bounswe.group9.mobile.data.repository.AuthRepositoryTest" tests="4" skipped="0" failures="0" errors="0" timestamp="2026-05-12T18:50:09.959Z" hostname="runnervmeorf1" time="0.352">
  <properties/>
  <testcase name="login 422 with detail field surfaces server-supplied text()" classname="com.bounswe.group9.mobile.data.repository.AuthRepositoryTest" time="0.189"/>
  <testcase name="login 401 maps to invalid-credentials friendly message()" classname="com.bounswe.group9.mobile.data.repository.AuthRepositoryTest" time="0.047"/>
  <testcase name="login wraps a 200 AuthResponse in Result success()" classname="com.bounswe.group9.mobile.data.repository.AuthRepositoryTest" time="0.052"/>
  <testcase name="register 409 maps to duplicate-account friendly message()" classname="com.bounswe.group9.mobile.data.repository.AuthRepositoryTest" time="0.057"/>
  <system-out><![CDATA[]]></system-out>
  <system-err><![CDATA[]]></system-err>
</testsuite>
