TN:
SF:src/app/page.tsx
FN:1,(empty-report)
FNF:1
FNH:1
FNDA:1,(empty-report)
DA:22,0
DA:23,0
DA:24,0
DA:25,0
DA:27,0
DA:28,0
DA:29,0
DA:35,0
DA:36,0
DA:50,0
DA:53,0
DA:54,0
DA:55,0
DA:56,0
DA:76,0
DA:77,0
DA:78,0
DA:79,0
DA:80,0
DA:81,0
DA:82,0
DA:83,0
DA:84,0
DA:85,0
DA:86,0
DA:87,0
DA:88,0
DA:89,0
DA:90,0
DA:91,0
DA:93,0
DA:94,0
DA:95,0
DA:97,0
DA:98,0
DA:99,0
DA:101,0
DA:102,0
DA:103,0
DA:105,0
DA:106,0
DA:107,0
DA:108,0
DA:109,0
DA:110,0
DA:111,0
DA:112,0
DA:113,0
DA:114,0
DA:115,0
DA:117,0
DA:118,0
DA:119,0
DA:120,0
DA:121,0
DA:122,0
DA:123,0
DA:124,0
DA:125,0
DA:126,0
DA:127,0
DA:128,0
DA:129,0
DA:130,0
DA:131,0
DA:132,0
DA:133,0
DA:134,0
DA:136,0
DA:137,0
DA:138,0
DA:140,0
DA:141,0
DA:142,0
DA:143,0
DA:144,0
DA:145,0
DA:146,0
DA:147,0
DA:148,0
DA:149,0
DA:150,0
DA:151,0
DA:152,0
DA:153,0
DA:154,0
DA:155,0
DA:157,0
DA:158,0
DA:177,0
DA:178,0
DA:179,0
DA:180,0
DA:181,0
DA:182,0
DA:183,0
DA:184,0
DA:185,0
DA:186,0
DA:187,0
DA:189,0
DA:190,0
DA:191,0
DA:192,0
DA:193,0
DA:194,0
DA:195,0
DA:196,0
DA:198,0
DA:199,0
DA:200,0
DA:201,0
DA:202,0
DA:203,0
DA:204,0
DA:205,0
DA:206,0
DA:207,0
DA:208,0
DA:209,0
DA:210,0
DA:212,0
DA:213,0
DA:214,0
DA:215,0
DA:216,0
DA:217,0
DA:218,0
DA:219,0
DA:220,0
DA:221,0
DA:222,0
DA:224,0
DA:225,0
DA:226,0
DA:227,0
DA:228,0
DA:230,0
DA:231,0
DA:232,0
DA:234,0
DA:235,0
DA:236,0
DA:237,0
DA:238,0
DA:241,0
DA:242,0
DA:243,0
DA:244,0
DA:245,0
DA:246,0
DA:247,0
DA:248,0
DA:250,0
DA:251,0
DA:253,0
DA:254,0
DA:255,0
DA:256,0
DA:258,0
DA:259,0
DA:260,0
DA:261,0
DA:262,0
DA:263,0
DA:264,0
DA:265,0
DA:266,0
DA:267,0
DA:268,0
DA:269,0
DA:271,0
DA:272,0
DA:273,0
DA:274,0
DA:275,0
DA:276,0
DA:277,0
DA:279,0
DA:280,0
DA:281,0
DA:282,0
DA:283,0
DA:284,0
DA:285,0
DA:286,0
DA:288,0
DA:289,0
DA:290,0
DA:291,0
DA:292,0
DA:293,0
DA:294,0
DA:296,0
DA:297,0
DA:298,0
DA:299,0
DA:300,0
DA:301,0
DA:302,0
DA:304,0
DA:305,0
DA:306,0
DA:308,0
DA:309,0
DA:310,0
DA:311,0
DA:312,0
DA:313,0
DA:315,0
DA:316,0
DA:317,0
DA:318,0
DA:319,0
DA:329,0
DA:331,0
DA:332,0
DA:333,0
DA:335,0
DA:336,0
DA:338,0
DA:339,0
DA:341,0
DA:342,0
DA:343,0
DA:344,0
DA:345,0
DA:346,0
DA:347,0
DA:348,0
DA:349,0
DA:350,0
DA:351,0
DA:352,0
DA:353,0
DA:354,0
DA:355,0
DA:356,0
DA:357,0
DA:358,0
DA:359,0
DA:360,0
DA:362,0
DA:363,0
DA:364,0
DA:365,0
DA:367,0
DA:368,0
DA:369,0
DA:370,0
DA:371,0
DA:372,0
DA:373,0
DA:374,0
DA:378,0
DA:379,0
DA:380,0
DA:381,0
DA:382,0
DA:383,0
DA:384,0
DA:385,0
DA:386,0
DA:387,0
DA:389,0
DA:390,0
DA:392,0
DA:393,0
DA:394,0
DA:396,0
DA:397,0
DA:398,0
DA:399,0
DA:400,0
DA:402,0
DA:403,0
DA:404,0
DA:405,0
DA:406,0
DA:407,0
DA:408,0
DA:409,0
DA:410,0
DA:412,0
DA:414,0
DA:415,0
DA:416,0
DA:417,0
DA:418,0
DA:419,0
DA:420,0
DA:422,0
DA:423,0
DA:425,0
DA:429,0
DA:430,0
DA:431,0
DA:432,0
DA:433,0
DA:434,0
DA:435,0
DA:436,0
DA:437,0
DA:438,0
DA:440,0
DA:441,0
DA:442,0
DA:443,0
DA:444,0
DA:445,0
DA:446,0
DA:447,0
DA:448,0
DA:449,0
DA:450,0
DA:451,0
DA:452,0
DA:454,0
DA:455,0
DA:456,0
DA:457,0
DA:458,0
DA:459,0
DA:460,0
DA:461,0
DA:462,0
DA:463,0
DA:464,0
DA:467,0
DA:468,0
DA:469,0
DA:470,0
DA:471,0
DA:474,0
DA:477,0
DA:478,0
DA:479,0
DA:480,0
DA:481,0
DA:482,0
DA:483,0
DA:484,0
DA:485,0
DA:488,0
DA:489,0
DA:490,0
DA:491,0
DA:492,0
DA:493,0
DA:494,0
DA:495,0
DA:496,0
DA:497,0
DA:498,0
DA:499,0
DA:500,0
DA:501,0
DA:502,0
DA:503,0
DA:504,0
DA:505,0
DA:506,0
DA:507,0
DA:508,0
DA:509,0
DA:510,0
DA:511,0
DA:512,0
DA:513,0
DA:514,0
DA:515,0
DA:516,0
DA:517,0
DA:518,0
DA:519,0
DA:520,0
DA:521,0
DA:522,0
DA:523,0
DA:524,0
DA:525,0
DA:526,0
DA:527,0
DA:528,0
DA:529,0
DA:530,0
DA:531,0
DA:532,0
DA:533,0
DA:534,0
DA:535,0
DA:536,0
DA:537,0
DA:538,0
DA:539,0
DA:540,0
DA:541,0
DA:542,0
DA:543,0
DA:547,0
DA:548,0
DA:549,0
DA:550,0
DA:551,0
DA:552,0
DA:553,0
DA:555,0
DA:556,0
DA:557,0
DA:558,0
DA:559,0
DA:560,0
DA:561,0
DA:563,0
DA:564,0
DA:565,0
DA:566,0
DA:567,0
DA:570,0
DA:571,0
DA:572,0
DA:573,0
DA:574,0
DA:577,0
DA:578,0
DA:579,0
DA:580,0
DA:581,0
DA:583,0
DA:584,0
DA:585,0
DA:587,0
DA:588,0
DA:589,0
DA:590,0
DA:591,0
DA:592,0
DA:593,0
DA:594,0
DA:595,0
DA:596,0
DA:597,0
DA:598,0
DA:600,0
DA:601,0
DA:602,0
DA:603,0
DA:605,0
DA:606,0
DA:607,0
DA:608,0
DA:609,0
DA:610,0
DA:611,0
DA:612,0
DA:614,0
DA:615,0
DA:616,0
DA:617,0
DA:618,0
DA:621,0
DA:622,0
DA:626,0
DA:627,0
DA:628,0
DA:630,0
DA:631,0
DA:632,0
DA:633,0
DA:634,0
DA:635,0
DA:636,0
DA:637,0
DA:638,0
DA:639,0
DA:641,0
DA:642,0
DA:643,0
DA:645,0
DA:646,0
DA:648,0
DA:649,0
DA:650,0
DA:651,0
DA:652,0
DA:653,0
DA:654,0
DA:655,0
DA:657,0
DA:658,0
DA:659,0
DA:660,0
DA:661,0
DA:662,0
DA:663,0
DA:664,0
DA:665,0
DA:666,0
DA:667,0
DA:668,0
DA:669,0
DA:670,0
DA:671,0
DA:672,0
DA:673,0
DA:674,0
DA:675,0
DA:676,0
DA:677,0
DA:678,0
DA:679,0
DA:680,0
DA:681,0
DA:682,0
DA:684,0
DA:685,0
DA:686,0
DA:687,0
DA:688,0
DA:689,0
DA:690,0
DA:692,0
DA:693,0
DA:694,0
DA:695,0
DA:696,0
DA:697,0
DA:698,0
DA:699,0
DA:700,0
DA:701,0
DA:702,0
DA:703,0
DA:704,0
DA:705,0
DA:706,0
DA:707,0
DA:708,0
DA:709,0
DA:710,0
DA:711,0
DA:712,0
DA:713,0
DA:714,0
DA:716,0
DA:718,0
DA:719,0
DA:720,0
DA:721,0
DA:722,0
DA:723,0
DA:724,0
DA:725,0
DA:726,0
DA:728,0
DA:729,0
DA:730,0
DA:731,0
DA:732,0
DA:733,0
DA:734,0
DA:735,0
DA:736,0
DA:737,0
DA:738,0
DA:739,0
DA:740,0
DA:741,0
DA:742,0
DA:743,0
DA:744,0
DA:745,0
DA:746,0
DA:748,0
DA:750,0
DA:751,0
DA:752,0
DA:754,0
DA:755,0
DA:756,0
DA:757,0
DA:758,0
DA:759,0
DA:760,0
DA:761,0
DA:762,0
DA:763,0
DA:764,0
DA:765,0
DA:766,0
DA:767,0
DA:768,0
DA:769,0
DA:770,0
DA:771,0
DA:774,0
DA:775,0
DA:777,0
DA:778,0
DA:779,0
DA:781,0
DA:782,0
DA:783,0
DA:784,0
DA:785,0
DA:786,0
DA:787,0
DA:788,0
DA:789,0
DA:790,0
DA:791,0
DA:792,0
DA:793,0
DA:794,0
DA:795,0
DA:796,0
DA:797,0
DA:798,0
DA:799,0
DA:800,0
DA:801,0
DA:803,0
DA:804,0
DA:805,0
DA:807,0
DA:808,0
DA:809,0
DA:810,0
DA:811,0
DA:812,0
DA:813,0
DA:814,0
DA:815,0
DA:816,0
DA:817,0
DA:819,0
DA:820,0
DA:821,0
DA:822,0
DA:823,0
DA:824,0
DA:825,0
DA:826,0
DA:827,0
DA:828,0
DA:829,0
DA:830,0
DA:833,0
DA:837,0
DA:838,0
DA:839,0
DA:840,0
DA:841,0
DA:842,0
DA:843,0
DA:845,0
DA:847,0
DA:848,0
DA:849,0
DA:850,0
DA:851,0
DA:852,0
DA:854,0
DA:858,0
DA:859,0
DA:860,0
DA:861,0
DA:862,0
DA:863,0
DA:864,0
DA:865,0
DA:866,0
DA:867,0
DA:868,0
DA:869,0
DA:870,0
DA:871,0
DA:873,0
DA:874,0
DA:875,0
DA:876,0
DA:877,0
DA:878,0
DA:879,0
DA:880,0
DA:881,0
DA:882,0
DA:883,0
DA:884,0
DA:886,0
DA:887,0
DA:888,0
DA:889,0
DA:891,0
DA:892,0
DA:894,0
DA:895,0
DA:897,0
DA:898,0
DA:899,0
DA:900,0
DA:901,0
DA:902,0
DA:903,0
DA:904,0
DA:905,0
DA:906,0
DA:907,0
DA:908,0
DA:909,0
DA:910,0
DA:912,0
DA:913,0
DA:914,0
DA:915,0
DA:917,0
DA:918,0
DA:919,0
DA:920,0
DA:921,0
DA:922,0
DA:926,0
DA:927,0
DA:928,0
DA:932,0
DA:933,0
DA:934,0
DA:935,0
DA:936,0
DA:937,0
DA:938,0
DA:940,0
DA:941,0
DA:942,0
DA:943,0
DA:944,0
DA:945,0
DA:947,0
DA:948,0
DA:949,0
DA:950,0
DA:951,0
DA:952,0
DA:953,0
DA:954,0
DA:955,0
DA:958,0
DA:959,0
DA:960,0
DA:961,0
DA:962,0
DA:963,0
DA:965,0
DA:966,0
DA:967,0
DA:969,0
DA:970,0
DA:971,0
DA:973,0
DA:975,0
DA:976,0
DA:977,0
DA:980,0
DA:982,0
DA:983,0
DA:984,0
DA:985,0
DA:986,0
DA:987,0
DA:988,0
DA:989,0
DA:990,0
DA:992,0
DA:993,0
DA:995,0
DA:998,0
DA:999,0
DA:1000,0
DA:1001,0
DA:1002,0
DA:1003,0
DA:1004,0
DA:1005,0
DA:1006,0
DA:1007,0
DA:1008,0
DA:1009,0
DA:1010,0
DA:1012,0
DA:1013,0
DA:1014,0
DA:1015,0
DA:1016,0
DA:1018,0
DA:1019,0
DA:1020,0
DA:1021,0
DA:1022,0
DA:1023,0
DA:1025,0
DA:1026,0
DA:1027,0
DA:1028,0
DA:1029,0
DA:1030,0
DA:1031,0
DA:1032,0
DA:1034,0
DA:1035,0
DA:1036,0
DA:1037,0
DA:1038,0
DA:1039,0
DA:1040,0
DA:1041,0
DA:1042,0
DA:1044,0
DA:1046,0
DA:1047,0
DA:1048,0
DA:1049,0
DA:1050,0
DA:1052,0
DA:1054,0
DA:1055,0
DA:1056,0
DA:1057,0
DA:1058,0
DA:1060,0
LF:829
LH:0
BRDA:1,0,0,1
BRF:1
BRH:1
end_of_record
TN:
SF:src/app/api/geo/reverse/route.ts
FN:1,(empty-report)
FNF:1
FNH:0
FNDA:0,(empty-report)
DA:1,0
DA:3,0
DA:4,0
DA:5,0
DA:10,0
DA:11,0
DA:12,0
DA:13,0
DA:15,0
DA:17,0
DA:18,0
DA:19,0
DA:20,0
DA:21,0
DA:22,0
DA:23,0
DA:24,0
DA:25,0
DA:26,0
DA:27,0
DA:28,0
DA:29,0
DA:30,0
DA:31,0
DA:32,0
DA:33,0
LF:26
LH:0
BRDA:1,0,0,0
BRF:1
BRH:0
end_of_record
TN:
SF:src/app/api/geo/search/route.ts
FN:1,(empty-report)
FNF:1
FNH:0
FNDA:0,(empty-report)
DA:1,0
DA:3,0
DA:4,0
DA:5,0
DA:10,0
DA:11,0
DA:12,0
DA:13,0
DA:15,0
DA:17,0
DA:18,0
DA:19,0
DA:20,0
DA:21,0
DA:22,0
DA:23,0
DA:24,0
DA:25,0
DA:26,0
DA:27,0
DA:28,0
DA:29,0
DA:30,0
DA:31,0
DA:32,0
DA:33,0
LF:26
LH:0
BRDA:1,0,0,0
BRF:1
BRH:0
end_of_record
TN:
SF:src/app/auth/callback/page.tsx
FN:1,(empty-report)
FNF:1
FNH:1
FNDA:1,(empty-report)
DA:3,0
DA:4,0
DA:6,0
DA:7,0
DA:9,0
DA:10,0
DA:11,0
DA:12,0
DA:14,0
DA:15,0
DA:16,0
DA:17,0
DA:18,0
DA:19,0
DA:20,0
DA:21,0
DA:22,0
DA:23,0
DA:24,0
DA:25,0
DA:26,0
DA:27,0
DA:28,0
DA:29,0
DA:31,0
DA:32,0
DA:33,0
DA:34,0
DA:36,0
DA:37,0
DA:38,0
DA:39,0
DA:40,0
DA:42,0
LF:34
LH:0
BRDA:1,0,0,1
BRF:1
BRH:1
end_of_record
TN:
SF:src/app/create-event/page.tsx
FN:1,(empty-report)
FNF:1
FNH:0
FNDA:0,(empty-report)
DA:1,0
DA:3,0
DA:5,0
DA:6,0
DA:7,0
DA:8,0
DA:9,0
DA:11,0
LF:8
LH:0
BRDA:1,0,0,0
BRF:1
BRH:0
end_of_record
TN:
SF:src/app/dashboard/page.tsx
FN:1,(empty-report)
FNF:1
FNH:0
FNDA:0,(empty-report)
DA:1,0
DA:3,0
DA:4,0
DA:5,0
LF:4
LH:0
BRDA:1,0,0,0
BRF:1
BRH:0
end_of_record
TN:
SF:src/app/edit-event/[id]/page.tsx
FN:1,(empty-report)
FNF:1
FNH:0
FNDA:0,(empty-report)
DA:1,0
DA:2,0
DA:3,0
DA:4,0
DA:5,0
DA:6,0
DA:7,0
DA:8,0
DA:9,0
DA:10,0
DA:11,0
DA:12,0
DA:13,0
LF:13
LH:0
BRDA:1,0,0,0
BRF:1
BRH:0
end_of_record
TN:
SF:src/app/event/[id]/page.tsx
FN:1,(empty-report)
FNF:1
FNH:0
FNDA:0,(empty-report)
DA:1,0
DA:2,0
DA:3,0
DA:4,0
DA:5,0
DA:6,0
DA:7,0
DA:8,0
DA:9,0
DA:10,0
DA:11,0
DA:12,0
DA:13,0
DA:14,0
DA:15,0
DA:16,0
DA:17,0
DA:18,0
DA:19,0
DA:20,0
DA:21,0
DA:22,0
DA:23,0
DA:24,0
DA:25,0
DA:26,0
DA:27,0
DA:28,0
DA:29,0
DA:30,0
DA:31,0
DA:32,0
DA:33,0
DA:34,0
DA:35,0
DA:36,0
DA:37,0
DA:38,0
DA:39,0
DA:40,0
DA:41,0
DA:42,0
DA:43,0
DA:44,0
DA:45,0
DA:46,0
DA:47,0
DA:48,0
DA:49,0
DA:50,0
DA:51,0
DA:52,0
DA:53,0
DA:54,0
DA:55,0
DA:56,0
DA:57,0
DA:58,0
DA:59,0
DA:60,0
DA:61,0
DA:62,0
DA:63,0
DA:64,0
DA:65,0
DA:66,0
DA:67,0
DA:68,0
DA:69,0
DA:70,0
DA:71,0
DA:72,0
DA:73,0
DA:74,0
DA:75,0
DA:76,0
DA:77,0
DA:78,0
DA:79,0
DA:80,0
DA:81,0
DA:82,0
DA:83,0
DA:84,0
DA:85,0
DA:86,0
DA:87,0
DA:88,0
DA:89,0
DA:90,0
DA:91,0
DA:92,0
DA:93,0
DA:94,0
DA:95,0
DA:96,0
DA:97,0
DA:98,0
DA:99,0
DA:100,0
DA:101,0
DA:102,0
DA:103,0
DA:104,0
DA:105,0
DA:106,0
DA:107,0
DA:108,0
DA:109,0
DA:110,0
DA:111,0
DA:112,0
DA:113,0
DA:114,0
DA:115,0
DA:116,0
DA:117,0
DA:118,0
DA:119,0
DA:120,0
DA:121,0
DA:122,0
DA:123,0
DA:124,0
DA:125,0
DA:126,0
DA:127,0
DA:128,0
DA:129,0
DA:130,0
DA:131,0
DA:132,0
DA:133,0
DA:134,0
DA:135,0
DA:136,0
DA:137,0
DA:138,0
DA:139,0
DA:140,0
DA:141,0
DA:142,0
DA:143,0
DA:144,0
DA:145,0
DA:146,0
DA:147,0
DA:148,0
DA:149,0
DA:150,0
DA:151,0
DA:152,0
DA:153,0
DA:154,0
DA:155,0
DA:156,0
DA:157,0
DA:158,0
DA:159,0
DA:160,0
DA:161,0
DA:162,0
DA:163,0
DA:164,0
DA:165,0
DA:166,0
DA:167,0
DA:168,0
DA:169,0
DA:170,0
DA:171,0
DA:172,0
DA:173,0
DA:174,0
DA:175,0
DA:176,0
DA:177,0
DA:178,0
DA:179,0
DA:180,0
DA:181,0
DA:182,0
DA:183,0
DA:184,0
DA:185,0
DA:186,0
DA:187,0
DA:188,0
DA:189,0
DA:190,0
DA:191,0
DA:192,0
DA:193,0
DA:194,0
DA:195,0
DA:196,0
DA:197,0
DA:198,0
DA:199,0
DA:200,0
DA:201,0
DA:202,0
DA:203,0
DA:204,0
DA:205,0
DA:206,0
DA:207,0
DA:208,0
DA:209,0
DA:210,0
DA:211,0
DA:212,0
DA:213,0
DA:214,0
DA:215,0
DA:216,0
DA:217,0
DA:218,0
DA:219,0
DA:220,0
DA:221,0
DA:222,0
DA:223,0
DA:224,0
DA:225,0
DA:226,0
DA:227,0
DA:228,0
DA:229,0
DA:230,0
DA:231,0
DA:232,0
DA:233,0
DA:234,0
DA:235,0
DA:236,0
DA:237,0
DA:238,0
DA:239,0
DA:240,0
DA:241,0
DA:242,0
DA:243,0
DA:244,0
DA:245,0
DA:246,0
DA:247,0
DA:248,0
DA:249,0
DA:250,0
DA:251,0
DA:252,0
DA:253,0
DA:254,0
DA:255,0
DA:256,0
DA:257,0
DA:258,0
DA:259,0
DA:260,0
DA:261,0
DA:262,0
DA:263,0
DA:264,0
DA:265,0
DA:266,0
DA:267,0
DA:268,0
DA:269,0
DA:270,0
DA:271,0
DA:272,0
DA:273,0
DA:274,0
DA:275,0
DA:276,0
DA:277,0
DA:278,0
DA:279,0
DA:280,0
DA:281,0
DA:282,0
DA:283,0
DA:284,0
DA:285,0
DA:286,0
DA:287,0
DA:288,0
DA:289,0
DA:290,0
DA:291,0
DA:292,0
DA:293,0
DA:294,0
DA:295,0
DA:296,0
DA:297,0
DA:298,0
DA:299,0
DA:300,0
DA:301,0
DA:302,0
DA:303,0
DA:304,0
DA:305,0
DA:306,0
DA:307,0
DA:308,0
DA:309,0
DA:310,0
DA:311,0
DA:312,0
DA:313,0
DA:314,0
DA:315,0
DA:316,0
DA:317,0
DA:318,0
DA:319,0
DA:320,0
DA:321,0
DA:322,0
DA:323,0
DA:324,0
DA:325,0
DA:326,0
DA:327,0
DA:328,0
DA:329,0
DA:330,0
DA:331,0
DA:332,0
DA:333,0
DA:334,0
DA:335,0
DA:336,0
DA:337,0
DA:338,0
DA:339,0
DA:340,0
DA:341,0
DA:342,0
DA:343,0
DA:344,0
DA:345,0
DA:346,0
DA:347,0
DA:348,0
DA:349,0
DA:350,0
DA:351,0
DA:352,0
DA:353,0
DA:354,0
DA:355,0
DA:356,0
DA:357,0
DA:358,0
DA:359,0
DA:360,0
DA:361,0
DA:362,0
DA:363,0
DA:364,0
DA:365,0
DA:366,0
DA:367,0
DA:368,0
DA:369,0
DA:370,0
DA:371,0
DA:372,0
DA:373,0
DA:374,0
DA:375,0
DA:376,0
DA:377,0
DA:378,0
DA:379,0
DA:380,0
DA:381,0
DA:382,0
DA:383,0
DA:384,0
DA:385,0
DA:386,0
DA:387,0
DA:388,0
DA:389,0
DA:390,0
DA:391,0
DA:392,0
DA:393,0
DA:394,0
DA:395,0
DA:396,0
DA:397,0
DA:398,0
DA:399,0
DA:400,0
DA:401,0
DA:402,0
DA:403,0
DA:404,0
DA:405,0
DA:406,0
DA:407,0
DA:408,0
DA:409,0
DA:410,0
DA:411,0
DA:412,0
DA:413,0
DA:414,0
DA:415,0
DA:416,0
DA:417,0
DA:418,0
DA:419,0
DA:420,0
DA:421,0
DA:422,0
DA:423,0
DA:424,0
DA:425,0
DA:426,0
DA:427,0
DA:428,0
DA:429,0
DA:430,0
DA:431,0
DA:432,0
DA:433,0
DA:434,0
DA:435,0
DA:436,0
DA:437,0
DA:438,0
DA:439,0
DA:440,0
DA:441,0
DA:442,0
DA:443,0
DA:444,0
DA:445,0
DA:446,0
DA:447,0
DA:448,0
DA:449,0
DA:450,0
DA:451,0
DA:452,0
DA:453,0
DA:454,0
DA:455,0
DA:456,0
DA:457,0
DA:458,0
DA:459,0
DA:460,0
DA:461,0
DA:462,0
DA:463,0
DA:464,0
DA:465,0
DA:466,0
DA:467,0
DA:468,0
DA:469,0
DA:470,0
DA:471,0
DA:472,0
DA:473,0
DA:474,0
DA:475,0
DA:476,0
DA:477,0
DA:478,0
DA:479,0
DA:480,0
DA:481,0
DA:482,0
DA:483,0
DA:484,0
DA:485,0
DA:486,0
DA:487,0
DA:488,0
DA:489,0
DA:490,0
DA:491,0
DA:492,0
DA:493,0
DA:494,0
DA:495,0
DA:496,0
DA:497,0
DA:498,0
DA:499,0
DA:500,0
DA:501,0
DA:502,0
DA:503,0
DA:504,0
DA:505,0
DA:506,0
DA:507,0
DA:508,0
DA:509,0
DA:510,0
DA:511,0
DA:512,0
DA:513,0
DA:514,0
DA:515,0
DA:516,0
DA:517,0
DA:518,0
DA:519,0
DA:520,0
DA:521,0
DA:522,0
DA:523,0
DA:524,0
DA:525,0
DA:526,0
DA:527,0
DA:528,0
DA:529,0
DA:530,0
DA:531,0
DA:532,0
DA:533,0
DA:534,0
DA:535,0
DA:536,0
DA:537,0
DA:538,0
DA:539,0
DA:540,0
DA:541,0
DA:542,0
DA:543,0
DA:544,0
DA:545,0
DA:546,0
DA:547,0
DA:548,0
DA:549,0
DA:550,0
DA:551,0
DA:552,0
DA:553,0
DA:554,0
DA:555,0
DA:556,0
DA:557,0
DA:558,0
DA:559,0
DA:560,0
DA:561,0
DA:562,0
DA:563,0
DA:564,0
DA:565,0
DA:566,0
DA:567,0
DA:568,0
DA:569,0
DA:570,0
DA:571,0
DA:572,0
DA:573,0
DA:574,0
DA:575,0
DA:576,0
DA:577,0
DA:578,0
DA:579,0
DA:580,0
DA:581,0
DA:582,0
DA:583,0
DA:584,0
DA:585,0
DA:586,0
DA:587,0
DA:588,0
DA:589,0
DA:590,0
DA:591,0
DA:592,0
DA:593,0
DA:594,0
DA:595,0
DA:596,0
DA:597,0
DA:598,0
DA:599,0
DA:600,0
DA:601,0
DA:602,0
DA:603,0
DA:604,0
DA:605,0
DA:606,0
DA:607,0
DA:608,0
DA:609,0
DA:610,0
DA:611,0
DA:612,0
DA:613,0
DA:614,0
DA:615,0
DA:616,0
DA:617,0
DA:618,0
DA:619,0
DA:620,0
DA:621,0
DA:622,0
DA:623,0
DA:624,0
DA:625,0
DA:626,0
DA:627,0
DA:628,0
DA:629,0
DA:630,0
DA:631,0
DA:632,0
DA:633,0
DA:634,0
DA:635,0
DA:636,0
DA:637,0
DA:638,0
DA:639,0
DA:640,0
DA:641,0
DA:642,0
DA:643,0
DA:644,0
DA:645,0
DA:646,0
DA:647,0
DA:648,0
DA:649,0
DA:650,0
DA:651,0
DA:652,0
DA:653,0
DA:654,0
DA:655,0
DA:656,0
DA:657,0
DA:658,0
DA:659,0
DA:660,0
DA:661,0
DA:662,0
DA:663,0
DA:664,0
DA:665,0
DA:666,0
DA:667,0
DA:668,0
DA:669,0
DA:670,0
DA:671,0
DA:672,0
DA:673,0
DA:674,0
DA:675,0
DA:676,0
DA:677,0
DA:678,0
DA:679,0
DA:680,0
DA:681,0
DA:682,0
DA:683,0
DA:684,0
DA:685,0
DA:686,0
DA:687,0
DA:688,0
DA:689,0
DA:690,0
DA:691,0
DA:692,0
DA:693,0
DA:694,0
DA:695,0
DA:696,0
DA:697,0
DA:698,0
DA:699,0
DA:700,0
DA:701,0
DA:702,0
DA:703,0
DA:704,0
DA:705,0
DA:706,0
DA:707,0
DA:708,0
DA:709,0
DA:710,0
DA:711,0
DA:712,0
DA:713,0
DA:714,0
DA:715,0
DA:716,0
DA:717,0
DA:718,0
DA:719,0
DA:720,0
DA:721,0
DA:722,0
DA:723,0
DA:724,0
DA:725,0
DA:726,0
DA:727,0
DA:728,0
DA:729,0
DA:730,0
DA:731,0
DA:732,0
DA:733,0
DA:734,0
DA:735,0
DA:736,0
DA:737,0
DA:738,0
DA:739,0
DA:740,0
DA:741,0
DA:742,0
DA:743,0
DA:744,0
DA:745,0
DA:746,0
DA:747,0
DA:748,0
DA:749,0
DA:750,0
DA:751,0
DA:752,0
DA:753,0
DA:754,0
DA:755,0
DA:756,0
DA:757,0
DA:758,0
DA:759,0
DA:760,0
DA:761,0
DA:762,0
DA:763,0
DA:764,0
DA:765,0
DA:766,0
DA:767,0
DA:768,0
DA:769,0
DA:770,0
DA:771,0
DA:772,0
DA:773,0
DA:774,0
DA:775,0
DA:776,0
DA:777,0
DA:778,0
DA:779,0
DA:780,0
DA:781,0
DA:782,0
DA:783,0
DA:784,0
DA:785,0
DA:786,0
DA:787,0
DA:788,0
DA:789,0
DA:790,0
DA:791,0
DA:792,0
DA:793,0
DA:794,0
DA:795,0
DA:796,0
DA:797,0
DA:798,0
DA:799,0
DA:800,0
DA:801,0
DA:802,0
DA:803,0
DA:804,0
DA:805,0
DA:806,0
DA:807,0
DA:808,0
DA:809,0
DA:810,0
DA:811,0
DA:812,0
DA:813,0
DA:814,0
DA:815,0
DA:816,0
DA:817,0
DA:818,0
DA:819,0
DA:820,0
DA:821,0
DA:822,0
DA:823,0
DA:824,0
DA:825,0
DA:826,0
DA:827,0
DA:828,0
DA:829,0
DA:830,0
DA:831,0
DA:832,0
DA:833,0
DA:834,0
DA:835,0
DA:836,0
DA:837,0
DA:838,0
DA:839,0
DA:840,0
DA:841,0
DA:842,0
DA:843,0
DA:844,0
DA:845,0
DA:846,0
DA:847,0
DA:848,0
DA:849,0
DA:850,0
DA:851,0
DA:852,0
DA:853,0
DA:854,0
DA:855,0
DA:856,0
DA:857,0
DA:858,0
DA:859,0
DA:860,0
DA:861,0
DA:862,0
DA:863,0
DA:864,0
DA:865,0
DA:866,0
DA:867,0
DA:868,0
DA:869,0
DA:870,0
DA:871,0
DA:872,0
DA:873,0
DA:874,0
DA:875,0
DA:876,0
DA:877,0
DA:878,0
DA:879,0
DA:880,0
DA:881,0
DA:882,0
DA:883,0
DA:884,0
DA:885,0
DA:886,0
DA:887,0
DA:888,0
DA:889,0
DA:890,0
DA:891,0
DA:892,0
DA:893,0
DA:894,0
DA:895,0
DA:896,0
DA:897,0
DA:898,0
DA:899,0
DA:900,0
DA:901,0
DA:902,0
DA:903,0
DA:904,0
DA:905,0
DA:906,0
DA:907,0
DA:908,0
DA:909,0
DA:910,0
DA:911,0
DA:912,0
DA:913,0
DA:914,0
DA:915,0
DA:916,0
DA:917,0
DA:918,0
DA:919,0
DA:920,0
DA:921,0
DA:922,0
DA:923,0
DA:924,0
DA:925,0
DA:926,0
DA:927,0
DA:928,0
DA:929,0
DA:930,0
DA:931,0
DA:932,0
DA:933,0
DA:934,0
DA:935,0
DA:936,0
DA:937,0
DA:938,0
DA:939,0
DA:940,0
DA:941,0
DA:942,0
DA:943,0
DA:944,0
DA:945,0
DA:946,0
DA:947,0
DA:948,0
DA:949,0
DA:950,0
DA:951,0
DA:952,0
DA:953,0
DA:954,0
DA:955,0
DA:956,0
DA:957,0
DA:958,0
DA:959,0
DA:960,0
DA:961,0
DA:962,0
DA:963,0
DA:964,0
DA:965,0
DA:966,0
DA:967,0
DA:968,0
DA:969,0
DA:970,0
DA:971,0
DA:972,0
DA:973,0
DA:974,0
DA:975,0
DA:976,0
DA:977,0
DA:978,0
DA:979,0
DA:980,0
DA:981,0
DA:982,0
DA:983,0
DA:984,0
DA:985,0
DA:986,0
DA:987,0
DA:988,0
DA:989,0
DA:990,0
DA:991,0
DA:992,0
DA:993,0
DA:994,0
DA:995,0
DA:996,0
DA:997,0
DA:998,0
DA:999,0
DA:1000,0
DA:1001,0
DA:1002,0
DA:1003,0
DA:1004,0
DA:1005,0
DA:1006,0
DA:1007,0
DA:1008,0
DA:1009,0
DA:1010,0
DA:1011,0
DA:1012,0
DA:1013,0
DA:1014,0
DA:1015,0
DA:1016,0
DA:1017,0
DA:1018,0
DA:1019,0
DA:1020,0
DA:1021,0
DA:1022,0
DA:1023,0
DA:1024,0
DA:1025,0
DA:1026,0
DA:1027,0
DA:1028,0
DA:1029,0
DA:1030,0
DA:1031,0
DA:1032,0
DA:1033,0
DA:1034,0
DA:1035,0
DA:1036,0
DA:1037,0
DA:1038,0
DA:1039,0
DA:1040,0
DA:1041,0
DA:1042,0
DA:1043,0
DA:1044,0
DA:1045,0
DA:1046,0
DA:1047,0
DA:1048,0
DA:1049,0
DA:1050,0
DA:1051,0
DA:1052,0
DA:1053,0
DA:1054,0
DA:1055,0
DA:1056,0
DA:1057,0
DA:1058,0
DA:1059,0
DA:1060,0
DA:1061,0
DA:1062,0
DA:1063,0
DA:1064,0
DA:1065,0
DA:1066,0
DA:1067,0
DA:1068,0
DA:1069,0
DA:1070,0
DA:1071,0
DA:1072,0
DA:1073,0
DA:1074,0
DA:1075,0
DA:1076,0
DA:1077,0
DA:1078,0
DA:1079,0
DA:1080,0
DA:1081,0
DA:1082,0
DA:1083,0
DA:1084,0
DA:1085,0
DA:1086,0
DA:1087,0
DA:1088,0
DA:1089,0
DA:1090,0
DA:1091,0
DA:1092,0
DA:1093,0
DA:1094,0
DA:1095,0
DA:1096,0
DA:1097,0
DA:1098,0
DA:1099,0
DA:1100,0
DA:1101,0
DA:1102,0
DA:1103,0
DA:1104,0
DA:1105,0
DA:1106,0
DA:1107,0
DA:1108,0
DA:1109,0
DA:1110,0
DA:1111,0
DA:1112,0
DA:1113,0
DA:1114,0
DA:1115,0
DA:1116,0
DA:1117,0
DA:1118,0
DA:1119,0
DA:1120,0
DA:1121,0
DA:1122,0
DA:1123,0
DA:1124,0
DA:1125,0
DA:1126,0
DA:1127,0
DA:1128,0
DA:1129,0
DA:1130,0
DA:1131,0
DA:1132,0
DA:1133,0
DA:1134,0
DA:1135,0
DA:1136,0
DA:1137,0
DA:1138,0
DA:1139,0
DA:1140,0
DA:1141,0
DA:1142,0
DA:1143,0
DA:1144,0
DA:1145,0
DA:1146,0
DA:1147,0
DA:1148,0
DA:1149,0
DA:1150,0
DA:1151,0
DA:1152,0
DA:1153,0
DA:1154,0
DA:1155,0
DA:1156,0
DA:1157,0
DA:1158,0
DA:1159,0
DA:1160,0
DA:1161,0
DA:1162,0
DA:1163,0
DA:1164,0
DA:1165,0
DA:1166,0
DA:1167,0
DA:1168,0
DA:1169,0
DA:1170,0
DA:1171,0
DA:1172,0
DA:1173,0
DA:1174,0
DA:1175,0
DA:1176,0
DA:1177,0
DA:1178,0
DA:1179,0
DA:1180,0
DA:1181,0
DA:1182,0
DA:1183,0
DA:1184,0
DA:1185,0
DA:1186,0
DA:1187,0
DA:1188,0
DA:1189,0
DA:1190,0
DA:1191,0
DA:1192,0
DA:1193,0
DA:1194,0
DA:1195,0
DA:1196,0
DA:1197,0
DA:1198,0
DA:1199,0
DA:1200,0
DA:1201,0
DA:1202,0
DA:1203,0
DA:1204,0
DA:1205,0
DA:1206,0
DA:1207,0
DA:1208,0
DA:1209,0
DA:1210,0
DA:1211,0
DA:1212,0
DA:1213,0
DA:1214,0
DA:1215,0
DA:1216,0
DA:1217,0
DA:1218,0
DA:1219,0
DA:1220,0
DA:1221,0
DA:1222,0
DA:1223,0
DA:1224,0
DA:1225,0
DA:1226,0
DA:1227,0
DA:1228,0
DA:1229,0
DA:1230,0
DA:1231,0
DA:1232,0
DA:1233,0
DA:1234,0
DA:1235,0
DA:1236,0
DA:1237,0
DA:1238,0
DA:1239,0
DA:1240,0
DA:1241,0
DA:1242,0
DA:1243,0
DA:1244,0
DA:1245,0
DA:1246,0
DA:1247,0
DA:1248,0
DA:1249,0
DA:1250,0
DA:1251,0
DA:1252,0
DA:1253,0
DA:1254,0
DA:1255,0
DA:1256,0
DA:1257,0
DA:1258,0
DA:1259,0
DA:1260,0
DA:1261,0
DA:1262,0
DA:1263,0
DA:1264,0
DA:1265,0
DA:1266,0
DA:1267,0
DA:1268,0
DA:1269,0
DA:1270,0
DA:1271,0
DA:1272,0
DA:1273,0
DA:1274,0
DA:1275,0
DA:1276,0
DA:1277,0
DA:1278,0
DA:1279,0
DA:1280,0
DA:1281,0
DA:1282,0
DA:1283,0
DA:1284,0
DA:1285,0
DA:1286,0
DA:1287,0
DA:1288,0
DA:1289,0
DA:1290,0
DA:1291,0
DA:1292,0
DA:1293,0
DA:1294,0
DA:1295,0
DA:1296,0
DA:1297,0
DA:1298,0
DA:1299,0
DA:1300,0
DA:1301,0
DA:1302,0
DA:1303,0
DA:1304,0
DA:1305,0
DA:1306,0
DA:1307,0
DA:1308,0
DA:1309,0
DA:1310,0
DA:1311,0
DA:1312,0
DA:1313,0
DA:1314,0
DA:1315,0
DA:1316,0
DA:1317,0
DA:1318,0
DA:1319,0
DA:1320,0
DA:1321,0
DA:1322,0
DA:1323,0
DA:1324,0
DA:1325,0
DA:1326,0
DA:1327,0
DA:1328,0
DA:1329,0
DA:1330,0
DA:1331,0
DA:1332,0
DA:1333,0
DA:1334,0
DA:1335,0
DA:1336,0
DA:1337,0
DA:1338,0
DA:1339,0
DA:1340,0
DA:1341,0
DA:1342,0
DA:1343,0
DA:1344,0
DA:1345,0
DA:1346,0
DA:1347,0
DA:1348,0
DA:1349,0
DA:1350,0
DA:1351,0
DA:1352,0
DA:1353,0
DA:1354,0
DA:1355,0
DA:1356,0
DA:1357,0
DA:1358,0
DA:1359,0
DA:1360,0
DA:1361,0
DA:1362,0
DA:1363,0
DA:1364,0
DA:1365,0
DA:1366,0
DA:1367,0
DA:1368,0
DA:1369,0
DA:1370,0
DA:1371,0
DA:1372,0
DA:1373,0
DA:1374,0
DA:1375,0
DA:1376,0
DA:1377,0
DA:1378,0
DA:1379,0
DA:1380,0
DA:1381,0
DA:1382,0
DA:1383,0
DA:1384,0
DA:1385,0
DA:1386,0
DA:1387,0
DA:1388,0
DA:1389,0
DA:1390,0
DA:1391,0
DA:1392,0
DA:1393,0
DA:1394,0
DA:1395,0
DA:1396,0
DA:1397,0
DA:1398,0
DA:1399,0
DA:1400,0
DA:1401,0
DA:1402,0
DA:1403,0
DA:1404,0
DA:1405,0
DA:1406,0
DA:1407,0
DA:1408,0
DA:1409,0
DA:1410,0
DA:1411,0
DA:1412,0
DA:1413,0
DA:1414,0
DA:1415,0
DA:1416,0
DA:1417,0
DA:1418,0
DA:1419,0
DA:1420,0
DA:1421,0
DA:1422,0
DA:1423,0
DA:1424,0
DA:1425,0
DA:1426,0
DA:1427,0
DA:1428,0
DA:1429,0
DA:1430,0
DA:1431,0
DA:1432,0
DA:1433,0
DA:1434,0
DA:1435,0
DA:1436,0
DA:1437,0
DA:1438,0
DA:1439,0
DA:1440,0
DA:1441,0
DA:1442,0
DA:1443,0
DA:1444,0
DA:1445,0
DA:1446,0
DA:1447,0
DA:1448,0
DA:1449,0
DA:1450,0
DA:1451,0
DA:1452,0
DA:1453,0
DA:1454,0
DA:1455,0
DA:1456,0
DA:1457,0
DA:1458,0
DA:1459,0
DA:1460,0
DA:1461,0
DA:1462,0
DA:1463,0
DA:1464,0
DA:1465,0
DA:1466,0
DA:1467,0
DA:1468,0
DA:1469,0
DA:1470,0
DA:1471,0
DA:1472,0
DA:1473,0
DA:1474,0
DA:1475,0
DA:1476,0
DA:1477,0
DA:1478,0
DA:1479,0
DA:1480,0
DA:1481,0
DA:1482,0
DA:1483,0
DA:1484,0
DA:1485,0
DA:1486,0
DA:1487,0
DA:1488,0
DA:1489,0
DA:1490,0
LF:1490
LH:0
BRDA:1,0,0,0
BRF:1
BRH:0
end_of_record
TN:
SF:src/app/event/[id]/attendees/page.tsx
FN:1,(empty-report)
FNF:1
FNH:0
FNDA:0,(empty-report)
DA:1,0
DA:2,0
DA:3,0
DA:4,0
DA:5,0
DA:6,0
DA:7,0
DA:8,0
DA:9,0
DA:10,0
DA:11,0
DA:12,0
DA:13,0
DA:14,0
DA:15,0
DA:16,0
DA:17,0
DA:18,0
DA:19,0
DA:20,0
DA:21,0
DA:22,0
DA:23,0
DA:24,0
DA:25,0
DA:26,0
DA:27,0
DA:28,0
DA:29,0
DA:30,0
DA:31,0
DA:32,0
DA:33,0
DA:34,0
DA:35,0
DA:36,0
DA:37,0
DA:38,0
DA:39,0
DA:40,0
DA:41,0
DA:42,0
DA:43,0
DA:44,0
DA:45,0
DA:46,0
DA:47,0
DA:48,0
DA:49,0
DA:50,0
DA:51,0
DA:52,0
DA:53,0
DA:54,0
DA:55,0
DA:56,0
DA:57,0
DA:58,0
DA:59,0
DA:60,0
DA:61,0
DA:62,0
DA:63,0
DA:64,0
DA:65,0
DA:66,0
DA:67,0
DA:68,0
DA:69,0
DA:70,0
DA:71,0
DA:72,0
DA:73,0
DA:74,0
DA:75,0
DA:76,0
DA:77,0
DA:78,0
DA:79,0
DA:80,0
DA:81,0
DA:82,0
DA:83,0
DA:84,0
DA:85,0
DA:86,0
DA:87,0
DA:88,0
DA:89,0
DA:90,0
DA:91,0
DA:92,0
DA:93,0
DA:94,0
DA:95,0
DA:96,0
DA:97,0
DA:98,0
DA:99,0
DA:100,0
DA:101,0
DA:102,0
DA:103,0
DA:104,0
DA:105,0
DA:106,0
DA:107,0
DA:108,0
DA:109,0
DA:110,0
DA:111,0
DA:112,0
DA:113,0
DA:114,0
DA:115,0
DA:116,0
DA:117,0
DA:118,0
DA:119,0
DA:120,0
DA:121,0
DA:122,0
DA:123,0
DA:124,0
DA:125,0
DA:126,0
DA:127,0
DA:128,0
DA:129,0
DA:130,0
DA:131,0
DA:132,0
DA:133,0
DA:134,0
DA:135,0
DA:136,0
DA:137,0
DA:138,0
DA:139,0
DA:140,0
DA:141,0
DA:142,0
DA:143,0
DA:144,0
DA:145,0
DA:146,0
DA:147,0
DA:148,0
DA:149,0
DA:150,0
DA:151,0
DA:152,0
DA:153,0
DA:154,0
DA:155,0
DA:156,0
DA:157,0
DA:158,0
DA:159,0
DA:160,0
DA:161,0
DA:162,0
DA:163,0
DA:164,0
DA:165,0
DA:166,0
DA:167,0
DA:168,0
DA:169,0
DA:170,0
DA:171,0
DA:172,0
DA:173,0
DA:174,0
DA:175,0
DA:176,0
DA:177,0
DA:178,0
DA:179,0
DA:180,0
DA:181,0
DA:182,0
DA:183,0
DA:184,0
DA:185,0
DA:186,0
DA:187,0
DA:188,0
DA:189,0
DA:190,0
DA:191,0
DA:192,0
DA:193,0
DA:194,0
DA:195,0
DA:196,0
DA:197,0
DA:198,0
DA:199,0
DA:200,0
DA:201,0
DA:202,0
DA:203,0
DA:204,0
DA:205,0
DA:206,0
DA:207,0
DA:208,0
DA:209,0
DA:210,0
DA:211,0
DA:212,0
DA:213,0
DA:214,0
DA:215,0
DA:216,0
DA:217,0
DA:218,0
DA:219,0
DA:220,0
DA:221,0
DA:222,0
DA:223,0
DA:224,0
DA:225,0
DA:226,0
DA:227,0
DA:228,0
DA:229,0
DA:230,0
DA:231,0
DA:232,0
DA:233,0
DA:234,0
DA:235,0
DA:236,0
DA:237,0
DA:238,0
DA:239,0
DA:240,0
DA:241,0
DA:242,0
DA:243,0
DA:244,0
DA:245,0
DA:246,0
DA:247,0
DA:248,0
DA:249,0
DA:250,0
DA:251,0
DA:252,0
DA:253,0
DA:254,0
DA:255,0
DA:256,0
DA:257,0
DA:258,0
LF:258
LH:0
BRDA:1,0,0,0
BRF:1
BRH:0
end_of_record
TN:
SF:src/app/event/[id]/invite/[token]/page.tsx
FN:1,(empty-report)
FNF:1
FNH:0
FNDA:0,(empty-report)
DA:1,0
DA:2,0
DA:3,0
DA:4,0
DA:5,0
DA:6,0
DA:7,0
DA:8,0
DA:9,0
DA:10,0
DA:11,0
DA:12,0
DA:13,0
DA:14,0
DA:15,0
DA:16,0
DA:17,0
DA:18,0
DA:19,0
DA:20,0
DA:21,0
DA:22,0
DA:23,0
DA:24,0
DA:25,0
DA:26,0
DA:27,0
DA:28,0
DA:29,0
DA:30,0
DA:31,0
DA:32,0
DA:33,0
DA:34,0
DA:35,0
DA:36,0
DA:37,0
DA:38,0
DA:39,0
DA:40,0
DA:41,0
DA:42,0
DA:43,0
DA:44,0
DA:45,0
DA:46,0
DA:47,0
DA:48,0
DA:49,0
DA:50,0
DA:51,0
DA:52,0
DA:53,0
DA:54,0
DA:55,0
DA:56,0
DA:57,0
DA:58,0
DA:59,0
DA:60,0
DA:61,0
DA:62,0
DA:63,0
DA:64,0
DA:65,0
DA:66,0
DA:67,0
DA:68,0
DA:69,0
DA:70,0
DA:71,0
DA:72,0
DA:73,0
DA:74,0
DA:75,0
DA:76,0
DA:77,0
DA:78,0
DA:79,0
DA:80,0
DA:81,0
DA:82,0
DA:83,0
DA:84,0
DA:85,0
DA:86,0
DA:87,0
DA:88,0
DA:89,0
DA:90,0
DA:91,0
DA:92,0
DA:93,0
DA:94,0
DA:95,0
DA:96,0
DA:97,0
DA:98,0
DA:99,0
DA:100,0
DA:101,0
DA:102,0
DA:103,0
DA:104,0
DA:105,0
DA:106,0
DA:107,0
DA:108,0
DA:109,0
DA:110,0
DA:111,0
DA:112,0
DA:113,0
DA:114,0
DA:115,0
DA:116,0
DA:117,0
DA:118,0
DA:119,0
DA:120,0
DA:121,0
DA:122,0
DA:123,0
DA:124,0
DA:125,0
DA:126,0
DA:127,0
DA:128,0
DA:129,0
DA:130,0
DA:131,0
DA:132,0
DA:133,0
DA:134,0
DA:135,0
DA:136,0
DA:137,0
DA:138,0
DA:139,0
DA:140,0
LF:140
LH:0
BRDA:1,0,0,0
BRF:1
BRH:0
end_of_record
TN:
SF:src/app/inbox/page.tsx
FN:32,formatTimeAgo
FN:53,getNotificationIcon
FN:103,NotificationItem
FN:113,handleClick
FN:166,onClick
FN:179,EmptyState
FN:199,NotificationsContent
FN:346,NotificationsInner
FN:357,NotificationsPage
FNF:9
FNH:4
FNDA:4,formatTimeAgo
FNDA:7,getNotificationIcon
FNDA:4,NotificationItem
FNDA:2,handleClick
FNDA:0,onClick
FNDA:0,EmptyState
FNDA:0,NotificationsContent
FNDA:0,NotificationsInner
FNDA:0,NotificationsPage
DA:3,1
DA:4,1
DA:5,1
DA:6,1
DA:20,1
DA:21,1
DA:22,1
DA:28,1
DA:30,1
DA:32,4
DA:33,4
DA:34,4
DA:35,4
DA:37,4
DA:38,4
DA:39,4
DA:41,4
DA:42,4
DA:44,4
DA:45,4
DA:47,0
DA:48,0
DA:49,0
DA:50,0
DA:51,0
DA:53,1
DA:54,7
DA:56,7
DA:57,7
DA:58,0
DA:59,0
DA:60,0
DA:61,0
DA:62,0
DA:63,7
DA:64,1
DA:65,1
DA:66,1
DA:67,1
DA:68,1
DA:69,7
DA:70,7
DA:71,0
DA:72,0
DA:73,0
DA:74,0
DA:75,0
DA:76,7
DA:77,0
DA:78,0
DA:79,0
DA:80,0
DA:81,0
DA:82,7
DA:83,0
DA:84,0
DA:85,0
DA:86,0
DA:87,0
DA:88,7
DA:89,5
DA:90,5
DA:91,5
DA:92,5
DA:93,5
DA:94,7
DA:95,1
DA:96,1
DA:97,1
DA:98,1
DA:99,1
DA:100,7
DA:101,7
DA:103,1
DA:104,4
DA:105,4
DA:106,4
DA:109,4
DA:110,4
DA:111,4
DA:113,4
DA:114,2
DA:115,2
DA:116,2
DA:117,2
DA:118,1
DA:119,1
DA:120,2
DA:122,4
DA:123,4
DA:124,4
DA:125,4
DA:126,4
DA:127,4
DA:128,4
DA:129,4
DA:132,4
DA:133,4
DA:134,4
DA:137,4
DA:138,4
DA:139,3
DA:141,3
DA:143,4
DA:144,4
DA:145,4
DA:146,4
DA:147,4
DA:148,4
DA:150,4
DA:151,4
DA:152,4
DA:153,4
DA:154,4
DA:155,4
DA:156,4
DA:158,4
DA:159,4
DA:160,4
DA:163,4
DA:164,4
DA:165,4
DA:166,4
DA:167,0
DA:168,0
DA:169,0
DA:170,4
DA:171,4
DA:172,4
DA:174,4
DA:175,4
DA:177,4
DA:179,0
DA:180,0
DA:181,0
DA:182,0
DA:183,0
DA:184,0
DA:185,0
DA:186,0
DA:188,0
DA:189,0
DA:190,0
DA:191,0
DA:192,0
DA:194,0
DA:195,0
DA:197,0
DA:199,0
DA:200,0
DA:201,0
DA:202,0
DA:203,0
DA:204,0
DA:205,0
DA:207,0
DA:209,0
DA:210,0
DA:211,0
DA:212,0
DA:213,0
DA:214,0
DA:215,0
DA:216,0
DA:217,0
DA:219,0
DA:220,0
DA:221,0
DA:222,0
DA:224,0
DA:225,0
DA:226,0
DA:228,0
DA:230,0
DA:231,0
DA:232,0
DA:233,0
DA:235,0
DA:236,0
DA:237,0
DA:239,0
DA:240,0
DA:241,0
DA:243,0
DA:244,0
DA:245,0
DA:246,0
DA:247,0
DA:248,0
DA:249,0
DA:250,0
DA:251,0
DA:253,0
DA:254,0
DA:255,0
DA:256,0
DA:257,0
DA:259,0
DA:260,0
DA:262,0
DA:263,0
DA:264,0
DA:266,0
DA:267,0
DA:268,0
DA:269,0
DA:270,0
DA:271,0
DA:272,0
DA:274,0
DA:275,0
DA:276,0
DA:277,0
DA:278,0
DA:279,0
DA:280,0
DA:281,0
DA:283,0
DA:284,0
DA:286,0
DA:287,0
DA:289,0
DA:291,0
DA:294,0
DA:295,0
DA:296,0
DA:297,0
DA:298,0
DA:299,0
DA:300,0
DA:302,0
DA:303,0
DA:304,0
DA:305,0
DA:306,0
DA:307,0
DA:308,0
DA:309,0
DA:310,0
DA:311,0
DA:312,0
DA:313,0
DA:316,0
DA:317,0
DA:318,0
DA:319,0
DA:320,0
DA:321,0
DA:323,0
DA:325,0
DA:326,0
DA:327,0
DA:328,0
DA:329,0
DA:330,0
DA:331,0
DA:332,0
DA:333,0
DA:335,0
DA:336,0
DA:337,0
DA:339,0
DA:341,0
DA:342,0
DA:344,0
DA:346,0
DA:347,0
DA:348,0
DA:349,0
DA:350,0
DA:351,0
DA:352,0
DA:353,0
DA:355,0
DA:357,0
DA:358,0
DA:359,0
DA:360,0
DA:361,0
DA:363,0
LF:280
LH:104
BRDA:32,0,0,4
BRDA:38,1,0,0
BRDA:39,2,0,0
BRDA:42,3,0,0
BRDA:45,4,0,0
BRDA:53,5,0,7
BRDA:57,6,0,0
BRDA:63,7,0,1
BRDA:66,8,0,0
BRDA:67,9,0,0
BRDA:69,10,0,0
BRDA:70,11,0,0
BRDA:76,12,0,0
BRDA:82,13,0,0
BRDA:88,14,0,5
BRDA:91,15,0,1
BRDA:91,16,0,4
BRDA:92,17,0,1
BRDA:92,18,0,4
BRDA:94,19,0,1
BRDA:97,20,0,0
BRDA:98,21,0,0
BRDA:103,22,0,4
BRDA:128,23,0,0
BRDA:138,24,0,3
BRDA:147,25,0,0
BRDA:155,26,0,0
BRDA:113,27,0,2
BRDA:117,28,0,1
BRF:29
BRH:13
end_of_record
TN:
SF:src/app/login/page.tsx
FN:27,GoogleIcon
FN:55,AuthInput
FN:69,LoginPageInner
FN:87,submitLogin
FN:103,handleSubmit
FN:138,onChange
FN:152,onChange
FN:158,onClick
FN:211,LoginPage
FNF:9
FNH:8
FNDA:68,GoogleIcon
FNDA:136,AuthInput
FNDA:68,LoginPageInner
FNDA:2,submitLogin
FNDA:2,handleSubmit
FNDA:34,onChange
FNDA:26,onChange
FNDA:0,onClick
FNDA:4,LoginPage
DA:3,1
DA:5,1
DA:6,1
DA:7,1
DA:8,1
DA:10,1
DA:11,1
DA:12,1
DA:13,1
DA:14,1
DA:15,1
DA:16,1
DA:17,1
DA:18,1
DA:19,1
DA:21,1
DA:22,1
DA:23,1
DA:24,1
DA:25,1
DA:27,68
DA:28,68
DA:29,68
DA:30,68
DA:31,68
DA:32,68
DA:33,68
DA:34,68
DA:35,68
DA:36,68
DA:37,68
DA:38,68
DA:39,68
DA:40,68
DA:41,68
DA:42,68
DA:43,68
DA:44,68
DA:45,68
DA:46,68
DA:48,68
DA:55,136
DA:56,136
DA:57,136
DA:58,136
DA:59,136
DA:60,136
DA:61,136
DA:62,136
DA:63,68
DA:64,68
DA:65,136
DA:67,136
DA:69,68
DA:70,68
DA:71,68
DA:72,68
DA:73,68
DA:74,68
DA:75,68
DA:76,68
DA:77,68
DA:79,68
DA:80,4
DA:82,4
DA:83,68
DA:84,68
DA:85,68
DA:87,68
DA:88,2
DA:89,2
DA:91,2
DA:92,2
DA:93,1
DA:94,1
DA:95,1
DA:96,1
DA:97,1
DA:98,2
DA:99,2
DA:100,2
DA:101,2
DA:103,68
DA:104,2
DA:105,2
DA:106,2
DA:108,68
DA:109,68
DA:110,68
DA:111,68
DA:112,68
DA:113,68
DA:114,68
DA:115,68
DA:117,68
DA:118,68
DA:119,1
DA:120,1
DA:121,1
DA:122,67
DA:124,68
DA:125,1
DA:126,1
DA:127,1
DA:128,67
DA:130,68
DA:131,68
DA:132,68
DA:133,68
DA:134,68
DA:135,68
DA:136,68
DA:137,68
DA:138,68
DA:139,68
DA:140,68
DA:141,68
DA:142,68
DA:143,68
DA:145,68
DA:146,68
DA:147,68
DA:148,68
DA:149,68
DA:150,68
DA:151,68
DA:152,68
DA:153,68
DA:154,68
DA:155,68
DA:156,68
DA:157,68
DA:158,68
DA:159,68
DA:161,68
DA:162,0
DA:164,68
DA:166,68
DA:168,68
DA:169,68
DA:170,68
DA:171,68
DA:173,68
DA:174,68
DA:175,68
DA:177,68
DA:178,68
DA:179,68
DA:181,68
DA:182,68
DA:183,68
DA:184,68
DA:185,68
DA:187,68
DA:188,68
DA:189,68
DA:190,68
DA:192,68
DA:193,68
DA:195,68
DA:196,68
DA:198,68
DA:199,68
DA:200,68
DA:202,68
DA:203,68
DA:204,68
DA:205,68
DA:206,68
DA:207,68
DA:209,68
DA:211,4
DA:212,4
DA:213,4
DA:214,4
DA:215,4
DA:217,4
LF:177
LH:176
BRDA:27,0,0,68
BRDA:55,1,0,136
BRDA:61,2,0,68
BRDA:61,3,0,68
BRDA:62,4,0,68
BRDA:63,5,0,68
BRDA:69,6,0,68
BRDA:85,7,0,1
BRDA:85,8,0,67
BRDA:118,9,0,1
BRDA:121,10,0,67
BRDA:124,11,0,1
BRDA:127,12,0,67
BRDA:156,13,0,0
BRDA:161,14,0,0
BRDA:168,15,0,0
BRDA:177,16,0,2
BRDA:177,17,0,66
BRDA:79,18,0,4
BRDA:82,19,0,1
BRDA:82,20,0,1
BRDA:82,21,0,3
BRDA:87,22,0,2
BRDA:92,23,0,1
BRDA:93,24,0,1
BRDA:103,25,0,2
BRDA:138,26,0,34
BRDA:152,27,0,26
BRDA:211,28,0,4
BRF:29
BRH:26
end_of_record
TN:
SF:src/app/profile/[id]/page.tsx
FN:1,(empty-report)
FNF:1
FNH:0
FNDA:0,(empty-report)
DA:1,0
DA:2,0
DA:3,0
DA:4,0
DA:5,0
LF:5
LH:0
BRDA:1,0,0,0
BRF:1
BRH:0
end_of_record
TN:
SF:src/app/profile/me/page.tsx
FN:1,(empty-report)
FNF:1
FNH:0
FNDA:0,(empty-report)
DA:1,0
DA:2,0
DA:4,0
DA:5,0
DA:6,0
DA:7,0
DA:8,0
DA:10,0
LF:8
LH:0
BRDA:1,0,0,0
BRF:1
BRH:0
end_of_record
TN:
SF:src/app/register/page.tsx
FN:56,GoogleIcon
FN:84,AuthInput
FN:98,passwordChecks
FN:107,getPasswordStrengthTone
FN:131,validateRegisterForm
FN:172,PasswordRequirement
FN:188,RegisterPageInner
FN:209,updateField
FN:214,submitRegistration
FN:242,handleSubmit
FN:272,onChange
FN:286,onChange
FN:306,onChange
FN:312,onClick
FN:366,onChange
FN:374,onClick
FN:398,onChange
FN:416,onCheckedChange
FN:469,RegisterPage
FNF:19
FNH:17
FNDA:53,GoogleIcon
FNDA:265,AuthInput
FNDA:55,passwordChecks
FNDA:53,getPasswordStrengthTone
FNDA:2,validateRegisterForm
FNDA:212,PasswordRequirement
FNDA:53,RegisterPageInner
FNDA:47,updateField
FNDA:2,submitRegistration
FNDA:2,handleSubmit
FNDA:17,onChange
FNDA:5,onChange
FNDA:12,onChange
FNDA:0,onClick
FNDA:12,onChange
FNDA:0,onClick
FNDA:1,onChange
FNDA:1,onCheckedChange
FNDA:2,RegisterPage
DA:3,1
DA:5,1
DA:6,1
DA:7,1
DA:8,1
DA:19,1
DA:20,1
DA:21,1
DA:22,1
DA:23,1
DA:24,1
DA:25,1
DA:26,1
DA:27,1
DA:28,1
DA:29,1
DA:48,1
DA:49,1
DA:50,1
DA:51,1
DA:52,1
DA:53,1
DA:54,1
DA:56,53
DA:57,53
DA:58,53
DA:59,53
DA:60,53
DA:61,53
DA:62,53
DA:63,53
DA:64,53
DA:65,53
DA:66,53
DA:67,53
DA:68,53
DA:69,53
DA:70,53
DA:71,53
DA:72,53
DA:73,53
DA:74,53
DA:75,53
DA:77,53
DA:84,265
DA:85,265
DA:86,265
DA:87,265
DA:88,265
DA:89,265
DA:90,265
DA:91,265
DA:92,106
DA:93,159
DA:94,265
DA:96,265
DA:98,55
DA:99,55
DA:100,55
DA:101,55
DA:102,55
DA:103,55
DA:104,55
DA:105,55
DA:107,53
DA:108,53
DA:109,17
DA:110,17
DA:111,17
DA:112,17
DA:113,17
DA:114,17
DA:116,53
DA:117,4
DA:118,4
DA:119,4
DA:120,4
DA:121,4
DA:122,4
DA:124,32
DA:125,32
DA:126,32
DA:127,32
DA:128,32
DA:129,32
DA:131,2
DA:132,2
DA:133,2
DA:135,2
DA:136,1
DA:137,1
DA:138,0
DA:139,0
DA:141,2
DA:142,1
DA:143,1
DA:144,0
DA:145,0
DA:147,2
DA:148,1
DA:149,1
DA:150,0
DA:151,0
DA:153,2
DA:154,1
DA:155,1
DA:156,0
DA:157,0
DA:159,2
DA:160,1
DA:161,1
DA:162,0
DA:163,0
DA:165,2
DA:166,1
DA:167,1
DA:169,2
DA:170,2
DA:172,212
DA:173,212
DA:174,212
DA:175,212
DA:176,212
DA:177,212
DA:178,212
DA:180,212
DA:181,212
DA:182,212
DA:183,212
DA:184,212
DA:186,212
DA:188,53
DA:189,53
DA:190,53
DA:191,53
DA:192,53
DA:193,53
DA:194,53
DA:195,53
DA:196,53
DA:197,53
DA:198,53
DA:200,53
DA:201,2
DA:203,2
DA:204,53
DA:205,53
DA:206,53
DA:207,53
DA:209,53
DA:210,47
DA:211,47
DA:212,47
DA:214,53
DA:215,2
DA:216,2
DA:217,2
DA:219,2
DA:220,1
DA:221,1
DA:223,1
DA:225,1
DA:226,1
DA:227,1
DA:228,1
DA:229,1
DA:230,1
DA:231,1
DA:232,1
DA:233,1
DA:234,1
DA:235,2
DA:236,0
DA:237,2
DA:238,1
DA:239,1
DA:240,2
DA:242,53
DA:243,2
DA:244,2
DA:245,2
DA:247,53
DA:248,53
DA:249,53
DA:250,53
DA:251,53
DA:252,53
DA:253,53
DA:255,53
DA:256,53
DA:258,53
DA:259,53
DA:260,0
DA:261,0
DA:262,0
DA:263,53
DA:265,53
DA:266,53
DA:267,53
DA:268,53
DA:269,53
DA:270,53
DA:271,53
DA:272,53
DA:273,53
DA:274,53
DA:275,53
DA:276,53
DA:277,53
DA:278,53
DA:280,53
DA:281,53
DA:282,53
DA:283,53
DA:284,53
DA:285,53
DA:286,53
DA:287,53
DA:288,53
DA:289,53
DA:290,53
DA:291,53
DA:292,1
DA:294,52
DA:296,52
DA:298,53
DA:300,53
DA:301,53
DA:302,53
DA:303,53
DA:304,53
DA:305,53
DA:306,53
DA:307,53
DA:308,53
DA:309,53
DA:310,53
DA:311,53
DA:312,53
DA:313,53
DA:315,53
DA:316,0
DA:318,53
DA:320,53
DA:322,53
DA:323,53
DA:324,53
DA:326,53
DA:327,53
DA:328,212
DA:329,212
DA:330,212
DA:331,212
DA:332,212
DA:333,212
DA:334,212
DA:335,53
DA:336,53
DA:338,53
DA:339,53
DA:340,53
DA:342,53
DA:343,53
DA:344,53
DA:345,53
DA:346,53
DA:347,53
DA:348,53
DA:349,53
DA:350,53
DA:351,53
DA:352,53
DA:353,53
DA:355,53
DA:356,1
DA:357,52
DA:358,53
DA:360,53
DA:361,53
DA:362,53
DA:363,53
DA:364,53
DA:365,53
DA:366,53
DA:367,53
DA:368,53
DA:369,53
DA:370,53
DA:371,53
DA:373,53
DA:374,53
DA:375,53
DA:377,53
DA:378,0
DA:380,53
DA:382,53
DA:384,53
DA:385,53
DA:386,53
DA:387,53
DA:388,1
DA:389,52
DA:390,53
DA:392,53
DA:393,53
DA:394,53
DA:395,53
DA:396,53
DA:397,53
DA:398,53
DA:399,53
DA:400,53
DA:401,53
DA:402,53
DA:403,1
DA:405,52
DA:407,52
DA:409,53
DA:411,53
DA:412,53
DA:413,53
DA:414,53
DA:415,53
DA:416,53
DA:417,1
DA:418,1
DA:419,1
DA:420,53
DA:421,53
DA:422,53
DA:423,53
DA:424,53
DA:425,53
DA:426,53
DA:427,53
DA:428,53
DA:429,53
DA:431,53
DA:432,53
DA:433,53
DA:435,53
DA:436,53
DA:437,53
DA:439,53
DA:440,53
DA:441,53
DA:442,53
DA:443,53
DA:445,53
DA:446,53
DA:447,53
DA:448,53
DA:450,53
DA:451,53
DA:453,53
DA:454,53
DA:456,53
DA:457,53
DA:458,53
DA:460,53
DA:461,53
DA:462,53
DA:463,53
DA:464,53
DA:465,53
DA:467,53
DA:469,2
DA:470,2
DA:471,2
DA:472,2
DA:473,2
DA:475,2
LF:372
LH:356
BRDA:56,0,0,53
BRDA:84,1,0,265
BRDA:90,2,0,106
BRDA:90,3,0,159
BRDA:91,4,0,106
BRDA:92,5,0,159
BRDA:98,6,0,55
BRDA:107,7,0,53
BRDA:108,8,0,17
BRDA:114,9,0,36
BRDA:116,10,0,4
BRDA:122,11,0,32
BRDA:131,12,0,2
BRDA:135,13,0,1
BRDA:137,14,0,0
BRDA:141,15,0,1
BRDA:143,16,0,0
BRDA:147,17,0,1
BRDA:149,18,0,0
BRDA:153,19,0,1
BRDA:155,20,0,0
BRDA:159,21,0,1
BRDA:161,22,0,0
BRDA:165,23,0,1
BRDA:149,24,0,4
BRDA:172,25,0,212
BRDA:177,26,0,84
BRDA:177,27,0,128
BRDA:181,28,0,84
BRDA:181,29,0,128
BRDA:188,30,0,53
BRDA:259,31,0,0
BRDA:277,32,0,1
BRDA:277,33,0,52
BRDA:291,34,0,1
BRDA:292,35,0,52
BRDA:310,36,0,0
BRDA:315,37,0,0
BRDA:322,38,0,0
BRDA:355,39,0,1
BRDA:356,40,0,52
BRDA:371,41,0,0
BRDA:377,42,0,0
BRDA:384,43,0,0
BRDA:387,44,0,1
BRDA:388,45,0,52
BRDA:402,46,0,1
BRDA:403,47,0,52
BRDA:428,48,0,1
BRDA:428,49,0,52
BRDA:435,50,0,1
BRDA:435,51,0,52
BRDA:200,52,0,2
BRDA:203,53,0,0
BRDA:203,54,0,0
BRDA:209,55,0,47
BRDA:210,56,0,47
BRDA:211,57,0,47
BRDA:214,58,0,2
BRDA:219,59,0,1
BRDA:235,60,0,0
BRDA:237,61,0,1
BRDA:232,62,0,1
BRDA:242,63,0,2
BRDA:272,64,0,17
BRDA:286,65,0,5
BRDA:306,66,0,12
BRDA:327,67,0,212
BRDA:332,68,0,84
BRDA:332,69,0,128
BRDA:366,70,0,12
BRDA:398,71,0,1
BRDA:416,72,0,1
BRDA:418,73,0,1
BRDA:469,74,0,2
BRF:75
BRH:60
end_of_record
TN:
SF:src/components/json-ld.tsx
FN:1,(empty-report)
FNF:1
FNH:1
FNDA:1,(empty-report)
DA:13,0
DA:14,0
DA:15,0
DA:17,0
LF:4
LH:0
BRDA:1,0,0,1
BRF:1
BRH:1
end_of_record
TN:
SF:src/components/auth/auth-shell.tsx
FN:31,AuthHero
FN:111,AuthShell
FNF:2
FNH:2
FNDA:242,AuthHero
FNDA:121,AuthShell
DA:1,1
DA:4,1
DA:6,1
DA:7,1
DA:8,1
DA:9,1
DA:10,1
DA:11,1
DA:12,1
DA:13,1
DA:14,1
DA:15,1
DA:16,1
DA:17,1
DA:18,1
DA:19,1
DA:20,1
DA:21,1
DA:22,1
DA:23,1
DA:24,1
DA:25,1
DA:31,242
DA:32,242
DA:34,242
DA:35,242
DA:36,242
DA:37,242
DA:38,242
DA:39,121
DA:40,121
DA:41,242
DA:43,242
DA:44,242
DA:45,242
DA:46,242
DA:47,242
DA:48,242
DA:49,242
DA:51,242
DA:53,242
DA:55,242
DA:56,242
DA:57,242
DA:58,242
DA:59,242
DA:61,242
DA:62,242
DA:63,242
DA:65,242
DA:66,242
DA:67,242
DA:68,242
DA:69,242
DA:70,121
DA:71,121
DA:72,242
DA:73,242
DA:75,242
DA:76,242
DA:78,242
DA:79,242
DA:80,484
DA:81,484
DA:82,484
DA:83,484
DA:84,484
DA:85,484
DA:86,484
DA:88,484
DA:89,484
DA:90,484
DA:91,484
DA:92,484
DA:93,484
DA:94,484
DA:95,484
DA:96,484
DA:97,484
DA:98,121
DA:99,363
DA:100,484
DA:102,484
DA:103,484
DA:104,484
DA:105,242
DA:106,242
DA:107,242
DA:109,242
DA:111,1
DA:112,121
DA:113,121
DA:114,121
DA:115,121
DA:117,121
DA:118,121
DA:119,121
DA:120,121
DA:121,121
DA:122,121
DA:123,121
DA:124,121
DA:125,121
DA:126,121
DA:128,121
LF:105
LH:105
BRDA:31,0,0,242
BRDA:32,1,0,121
BRDA:32,2,0,121
BRDA:38,3,0,121
BRDA:39,4,0,121
BRDA:46,5,0,121
BRDA:46,6,0,121
BRDA:58,7,0,121
BRDA:58,8,0,121
BRDA:62,9,0,121
BRDA:62,10,0,121
BRDA:69,11,0,121
BRDA:70,12,0,121
BRDA:79,13,0,484
BRDA:84,14,0,121
BRDA:84,15,0,363
BRDA:85,16,0,121
BRDA:85,17,0,363
BRDA:88,18,0,121
BRDA:88,19,0,363
BRDA:91,20,0,121
BRDA:91,21,0,363
BRDA:97,22,0,121
BRDA:98,23,0,363
BRDA:111,24,0,121
BRF:25
BRH:25
end_of_record
TN:
SF:src/components/auth/guest-only-route.tsx
FN:13,resolveRedirectPath
FN:26,GuestOnlyRoute
FNF:2
FNH:2
FNDA:1,resolveRedirectPath
FNDA:123,GuestOnlyRoute
DA:3,1
DA:4,1
DA:6,1
DA:13,1
DA:14,1
DA:15,1
DA:16,1
DA:17,1
DA:19,1
DA:20,1
DA:21,1
DA:23,0
DA:24,0
DA:26,1
DA:27,123
DA:28,123
DA:29,123
DA:31,123
DA:32,123
DA:33,122
DA:34,122
DA:36,1
DA:37,1
DA:38,1
DA:39,123
DA:41,123
DA:42,1
DA:43,1
DA:45,122
DA:46,122
LF:30
LH:28
BRDA:13,0,0,1
BRDA:21,1,0,0
BRDA:26,2,0,123
BRDA:41,3,0,122
BRDA:41,4,0,1
BRDA:31,5,0,123
BRDA:32,6,0,122
BRDA:34,7,0,1
BRDA:36,8,0,1
BRF:9
BRH:8
end_of_record
TN:
SF:src/components/auth/protected-route.tsx
FN:20,buildProtectedRedirectUrl
FN:35,resolveNextPath
FN:47,ProtectedRoute
FNF:3
FNH:3
FNDA:3,buildProtectedRedirectUrl
FNDA:35,resolveNextPath
FNDA:35,ProtectedRoute
DA:3,1
DA:4,1
DA:6,1
DA:20,1
DA:21,3
DA:22,3
DA:23,3
DA:24,3
DA:25,3
DA:26,3
DA:28,3
DA:29,2
DA:30,2
DA:32,3
DA:33,3
DA:35,35
DA:36,35
DA:37,35
DA:38,35
DA:39,35
DA:40,0
DA:41,0
DA:43,35
DA:44,35
DA:45,35
DA:47,1
DA:48,35
DA:49,35
DA:50,35
DA:51,35
DA:52,35
DA:53,35
DA:54,35
DA:55,35
DA:56,35
DA:57,35
DA:58,35
DA:60,35
DA:61,35
DA:62,35
DA:63,35
DA:65,35
DA:66,35
DA:67,34
DA:68,34
DA:70,1
DA:71,1
DA:72,1
DA:73,1
DA:74,1
DA:75,1
DA:76,1
DA:77,1
DA:78,1
DA:79,35
DA:81,35
DA:82,1
DA:83,1
DA:84,1
DA:85,1
DA:87,1
DA:88,1
DA:89,1
DA:90,1
DA:91,1
DA:93,1
DA:95,35
DA:96,2
DA:97,2
DA:99,32
DA:100,32
LF:71
LH:69
BRDA:20,0,0,3
BRDA:28,1,0,2
BRDA:35,2,0,35
BRDA:39,3,0,0
BRDA:44,4,0,4
BRDA:44,5,0,31
BRDA:47,6,0,35
BRDA:81,7,0,34
BRDA:81,8,0,1
BRDA:93,9,0,34
BRDA:95,10,0,2
BRDA:97,11,0,32
BRDA:61,12,0,35
BRDA:65,13,0,35
BRDA:66,14,0,34
BRDA:66,15,0,33
BRDA:66,16,0,34
BRDA:68,17,0,1
BRDA:70,18,0,1
BRF:19
BRH:18
end_of_record
TN:
SF:src/components/discovery/event-card.tsx
FN:25,formatDateShort
FN:33,formatTime
FN:41,EventCard
FN:95,handleRequestAccess
FN:212,onClick
FN:224,onClick
FN:253,onClick
FN:271,onClick
FNF:8
FNH:3
FNDA:11,formatDateShort
FNDA:11,formatTime
FNDA:11,EventCard
FNDA:0,handleRequestAccess
FNDA:0,onClick
FNDA:0,onClick
FNDA:0,onClick
FNDA:0,onClick
DA:3,1
DA:4,1
DA:5,1
DA:6,1
DA:9,1
DA:10,1
DA:15,1
DA:16,1
DA:17,1
DA:25,11
DA:26,11
DA:27,11
DA:28,11
DA:29,11
DA:30,11
DA:31,11
DA:33,11
DA:34,11
DA:35,11
DA:36,11
DA:37,11
DA:38,11
DA:39,11
DA:41,1
DA:42,11
DA:43,11
DA:44,11
DA:45,11
DA:46,11
DA:47,11
DA:49,11
DA:50,11
DA:51,11
DA:52,11
DA:53,11
DA:54,11
DA:55,11
DA:56,11
DA:59,11
DA:60,11
DA:61,11
DA:62,11
DA:63,1
DA:64,1
DA:65,11
DA:66,11
DA:67,0
DA:68,11
DA:69,0
DA:70,11
DA:72,11
DA:73,11
DA:74,11
DA:75,11
DA:77,11
DA:78,0
DA:79,0
DA:80,0
DA:82,0
DA:83,0
DA:84,0
DA:85,0
DA:87,0
DA:88,0
DA:89,0
DA:90,11
DA:92,11
DA:93,11
DA:95,11
DA:96,0
DA:97,0
DA:98,0
DA:99,0
DA:100,0
DA:101,0
DA:102,0
DA:103,0
DA:104,0
DA:105,0
DA:106,0
DA:107,0
DA:108,0
DA:109,0
DA:111,0
DA:112,0
DA:113,0
DA:115,0
DA:116,0
DA:118,0
DA:119,0
DA:120,0
DA:121,0
DA:122,0
DA:123,0
DA:124,0
DA:125,0
DA:127,11
DA:128,11
DA:129,11
DA:130,11
DA:133,11
DA:134,11
DA:136,0
DA:137,0
DA:138,0
DA:139,0
DA:140,0
DA:142,11
DA:143,11
DA:145,11
DA:146,11
DA:148,11
DA:149,11
DA:150,1
DA:152,1
DA:154,11
DA:155,0
DA:157,0
DA:159,11
DA:160,1
DA:161,1
DA:162,1
DA:164,11
DA:165,11
DA:168,11
DA:169,11
DA:170,11
DA:171,11
DA:172,11
DA:173,11
DA:174,11
DA:176,11
DA:177,7
DA:178,7
DA:179,7
DA:180,7
DA:181,7
DA:183,7
DA:184,7
DA:185,7
DA:186,7
DA:187,0
DA:188,0
DA:189,0
DA:191,7
DA:195,11
DA:196,11
DA:197,11
DA:198,11
DA:199,11
DA:200,11
DA:201,11
DA:202,11
DA:203,11
DA:204,11
DA:205,11
DA:208,11
DA:209,2
DA:210,2
DA:211,1
DA:212,1
DA:213,0
DA:214,0
DA:215,0
DA:216,1
DA:218,1
DA:219,1
DA:221,1
DA:223,1
DA:224,1
DA:225,0
DA:226,0
DA:227,0
DA:228,0
DA:229,1
DA:230,1
DA:231,1
DA:232,0
DA:233,1
DA:234,1
DA:236,1
DA:237,0
DA:239,1
DA:241,1
DA:242,1
DA:245,1
DA:246,0
DA:247,0
DA:248,0
DA:250,0
DA:252,0
DA:253,0
DA:254,0
DA:255,0
DA:256,0
DA:257,0
DA:258,0
DA:260,0
DA:261,0
DA:262,0
DA:263,0
DA:264,0
DA:265,0
DA:266,0
DA:270,1
DA:271,1
DA:272,0
DA:273,0
DA:274,0
DA:275,0
DA:276,1
DA:277,1
DA:278,1
DA:279,1
DA:280,0
DA:281,1
DA:282,0
DA:283,1
DA:284,1
DA:286,1
DA:287,1
DA:288,1
DA:290,1
DA:292,2
DA:294,11
DA:295,11
DA:297,11
LF:227
LH:145
BRDA:25,0,0,11
BRDA:33,1,0,11
BRDA:41,2,0,11
BRDA:53,3,0,0
BRDA:55,4,0,0
BRDA:62,5,0,1
BRDA:63,6,0,1
BRDA:66,7,0,0
BRDA:68,8,0,0
BRDA:93,9,0,10
BRDA:93,10,0,6
BRDA:134,11,0,0
BRDA:149,12,0,1
BRDA:154,13,0,0
BRDA:159,14,0,1
BRDA:176,15,0,7
BRDA:186,16,0,0
BRDA:199,17,0,7
BRDA:199,18,0,4
BRDA:208,19,0,2
BRDA:210,20,0,1
BRDA:219,21,0,1
BRDA:231,22,0,0
BRDA:236,23,0,0
BRDA:241,24,0,0
BRDA:245,25,0,0
BRDA:245,26,0,0
BRDA:245,27,0,0
BRDA:276,28,0,0
BRDA:279,29,0,0
BRDA:279,30,0,0
BRDA:281,31,0,0
BRDA:287,32,0,0
BRDA:287,33,0,0
BRDA:287,34,0,0
BRDA:72,35,0,11
BRDA:73,36,0,1
BRDA:75,37,0,0
BRDA:77,38,0,0
BRDA:178,39,0,7
BRF:40
BRH:18
end_of_record
TN:
SF:src/components/discovery/filter-sidebar.tsx
FN:74,countActiveFilters
FN:100,FilterSidebar
FN:119,toggleTemporal
FN:126,togglePersonal
FN:133,toggleSuggested
FN:137,toggleCategory
FN:144,setSort
FN:148,toggleShowPast
FN:152,toggleAccessibility
FN:162,renderSidebarContent
FN:208,onClick
FN:239,onClick
FN:323,onChange
FN:360,onChange
FN:387,onClick
FN:486,ToggleRow
FNF:16
FNH:11
FNDA:6,countActiveFilters
FNDA:9,FilterSidebar
FNDA:1,toggleTemporal
FNDA:0,togglePersonal
FNDA:0,toggleSuggested
FNDA:0,toggleCategory
FNDA:1,setSort
FNDA:1,toggleShowPast
FNDA:1,toggleAccessibility
FNDA:18,renderSidebarContent
FNDA:1,onClick
FNDA:0,onClick
FNDA:1,onChange
FNDA:1,onChange
FNDA:0,onClick
FNDA:18,ToggleRow
DA:3,1
DA:13,1
DA:46,1
DA:47,1
DA:48,1
DA:49,1
DA:50,1
DA:51,1
DA:52,1
DA:54,1
DA:55,1
DA:56,1
DA:57,1
DA:59,1
DA:60,1
DA:61,1
DA:62,1
DA:63,1
DA:65,1
DA:66,1
DA:67,1
DA:68,1
DA:69,1
DA:70,1
DA:71,1
DA:72,1
DA:74,1
DA:75,6
DA:76,6
DA:77,6
DA:78,6
DA:79,6
DA:80,6
DA:81,6
DA:82,6
DA:83,6
DA:84,6
DA:85,6
DA:86,6
DA:88,6
DA:90,1
DA:91,1
DA:92,1
DA:93,1
DA:94,1
DA:95,1
DA:96,1
DA:97,1
DA:98,1
DA:100,1
DA:101,9
DA:102,9
DA:103,9
DA:104,9
DA:105,9
DA:106,9
DA:107,9
DA:108,9
DA:109,9
DA:110,9
DA:111,9
DA:112,9
DA:113,9
DA:114,9
DA:115,9
DA:116,0
DA:117,9
DA:119,9
DA:120,1
DA:121,1
DA:122,1
DA:123,1
DA:124,1
DA:126,9
DA:127,0
DA:128,0
DA:129,0
DA:130,0
DA:131,0
DA:133,9
DA:134,0
DA:135,0
DA:137,9
DA:138,0
DA:139,0
DA:140,0
DA:141,0
DA:142,0
DA:144,9
DA:145,1
DA:146,1
DA:148,9
DA:149,1
DA:150,1
DA:152,9
DA:153,1
DA:154,1
DA:155,1
DA:156,1
DA:157,1
DA:158,1
DA:159,1
DA:160,1
DA:162,9
DA:163,18
DA:164,18
DA:165,18
DA:166,18
DA:167,18
DA:168,18
DA:169,18
DA:171,18
DA:172,18
DA:173,18
DA:174,18
DA:175,0
DA:176,0
DA:177,0
DA:179,18
DA:180,9
DA:181,9
DA:182,9
DA:183,9
DA:185,9
DA:186,9
DA:188,18
DA:189,18
DA:191,18
DA:192,18
DA:194,18
DA:195,18
DA:196,18
DA:197,18
DA:198,18
DA:200,18
DA:201,18
DA:202,18
DA:203,90
DA:204,90
DA:205,90
DA:206,90
DA:207,90
DA:208,90
DA:209,90
DA:210,90
DA:211,90
DA:212,90
DA:213,0
DA:214,90
DA:215,90
DA:217,90
DA:218,90
DA:220,18
DA:221,18
DA:222,18
DA:224,18
DA:225,16
DA:226,16
DA:227,16
DA:228,16
DA:229,16
DA:231,16
DA:232,16
DA:233,16
DA:234,32
DA:235,32
DA:236,32
DA:237,32
DA:238,32
DA:239,32
DA:240,32
DA:241,32
DA:242,32
DA:243,32
DA:244,0
DA:245,32
DA:246,32
DA:248,32
DA:249,32
DA:251,16
DA:252,16
DA:253,16
DA:256,18
DA:257,16
DA:258,16
DA:259,16
DA:260,16
DA:261,16
DA:263,16
DA:264,16
DA:265,16
DA:266,16
DA:267,16
DA:268,16
DA:269,16
DA:270,16
DA:271,0
DA:272,16
DA:273,16
DA:275,16
DA:277,16
DA:278,16
DA:281,18
DA:282,18
DA:283,18
DA:284,18
DA:285,18
DA:287,18
DA:288,18
DA:289,18
DA:290,18
DA:291,18
DA:292,18
DA:293,18
DA:294,18
DA:295,18
DA:297,18
DA:298,18
DA:299,18
DA:300,18
DA:301,18
DA:303,18
DA:304,18
DA:305,18
DA:306,54
DA:307,54
DA:308,54
DA:309,54
DA:310,54
DA:311,54
DA:312,54
DA:313,54
DA:314,54
DA:315,54
DA:317,54
DA:318,54
DA:319,54
DA:320,54
DA:321,54
DA:322,54
DA:323,54
DA:324,54
DA:325,54
DA:326,54
DA:327,54
DA:328,54
DA:329,54
DA:330,54
DA:331,54
DA:332,54
DA:334,18
DA:335,18
DA:336,18
DA:338,18
DA:339,18
DA:340,18
DA:341,18
DA:343,18
DA:345,18
DA:346,18
DA:347,18
DA:348,108
DA:349,108
DA:350,108
DA:351,108
DA:352,108
DA:353,108
DA:354,108
DA:356,108
DA:357,108
DA:358,108
DA:359,108
DA:360,108
DA:361,108
DA:362,108
DA:363,108
DA:364,108
DA:366,18
DA:367,18
DA:368,18
DA:370,18
DA:371,18
DA:372,18
DA:373,18
DA:374,18
DA:376,18
DA:377,18
DA:378,18
DA:379,0
DA:381,18
DA:382,36
DA:383,36
DA:384,36
DA:385,36
DA:386,36
DA:387,36
DA:388,36
DA:389,36
DA:391,36
DA:392,36
DA:393,36
DA:394,36
DA:395,36
DA:397,36
DA:398,0
DA:400,36
DA:401,36
DA:402,36
DA:403,36
DA:404,36
DA:405,36
DA:407,18
DA:409,18
DA:410,18
DA:411,18
DA:413,18
DA:414,18
DA:415,18
DA:416,18
DA:417,18
DA:419,18
DA:420,18
DA:421,18
DA:422,18
DA:424,18
DA:426,18
DA:427,18
DA:428,18
DA:429,18
DA:430,18
DA:431,18
DA:433,18
DA:434,18
DA:435,18
DA:437,18
DA:439,9
DA:440,9
DA:441,9
DA:442,9
DA:443,9
DA:445,9
DA:446,9
DA:448,9
DA:449,9
DA:450,9
DA:452,9
DA:453,9
DA:454,9
DA:455,9
DA:456,9
DA:457,9
DA:458,9
DA:459,9
DA:460,9
DA:461,9
DA:462,9
DA:463,9
DA:464,9
DA:465,9
DA:466,9
DA:467,9
DA:468,9
DA:469,9
DA:471,9
DA:472,9
DA:473,9
DA:474,9
DA:476,9
DA:486,18
DA:487,18
DA:488,18
DA:489,18
DA:490,18
DA:491,18
DA:492,18
DA:493,18
DA:494,18
DA:495,18
DA:496,18
DA:497,18
DA:498,18
DA:499,18
DA:500,18
DA:501,18
DA:502,18
DA:503,18
DA:504,18
DA:505,18
DA:506,18
DA:508,18
DA:509,18
DA:510,18
DA:511,18
DA:512,18
DA:513,18
DA:514,18
DA:515,18
DA:517,18
LF:398
LH:377
BRDA:74,0,0,6
BRDA:80,1,0,1
BRDA:80,2,0,5
BRDA:81,3,0,1
BRDA:81,4,0,5
BRDA:82,5,0,0
BRDA:84,6,0,1
BRDA:84,7,0,5
BRDA:85,8,0,1
BRDA:85,9,0,5
BRDA:76,10,0,36
BRDA:76,11,0,3
BRDA:76,12,0,33
BRDA:100,13,0,9
BRDA:449,14,0,0
BRDA:455,15,0,0
BRDA:458,16,0,0
BRDA:468,17,0,0
BRDA:112,18,0,9
BRDA:113,19,0,0
BRDA:114,20,0,0
BRDA:115,21,0,0
BRDA:119,22,0,1
BRDA:122,23,0,0
BRDA:144,24,0,1
BRDA:148,25,0,1
BRDA:152,26,0,1
BRDA:162,27,0,18
BRDA:168,28,0,9
BRDA:168,29,0,9
BRDA:174,30,0,0
BRDA:179,31,0,9
BRDA:192,32,0,9
BRDA:192,33,0,9
BRDA:224,34,0,16
BRDA:256,35,0,16
BRDA:270,36,0,0
BRDA:378,37,0,0
BRDA:416,38,0,9
BRDA:416,39,0,9
BRDA:202,40,0,90
BRDA:212,41,0,0
BRDA:208,42,0,1
BRDA:233,43,0,32
BRDA:243,44,0,0
BRDA:305,45,0,54
BRDA:314,46,0,18
BRDA:323,47,0,1
BRDA:347,48,0,108
BRDA:360,49,0,1
BRDA:381,50,0,36
BRDA:394,51,0,0
BRDA:397,52,0,0
BRDA:403,53,0,0
BRDA:486,54,0,18
BRDA:505,55,0,0
BRDA:511,56,0,0
BRF:57
BRH:38
end_of_record
TN:
SF:src/components/discovery/list-view.tsx
FN:17,ListView
FN:70,onClick
FN:103,onClick
FN:120,onClick
FNF:4
FNH:2
FNDA:4,ListView
FNDA:0,onClick
FNDA:1,onClick
FNDA:0,onClick
DA:1,1
DA:4,1
DA:5,1
DA:17,1
DA:18,4
DA:19,4
DA:20,4
DA:21,4
DA:22,4
DA:23,4
DA:24,4
DA:25,4
DA:26,4
DA:27,1
DA:28,1
DA:29,1
DA:30,1
DA:31,1
DA:32,1
DA:34,1
DA:35,1
DA:36,1
DA:38,1
DA:40,3
DA:41,3
DA:43,3
DA:44,3
DA:45,3
DA:46,3
DA:47,3
DA:48,3
DA:51,3
DA:52,3
DA:53,4
DA:54,4
DA:55,4
DA:56,4
DA:57,4
DA:58,4
DA:59,3
DA:60,3
DA:63,3
DA:64,1
DA:65,1
DA:66,1
DA:68,1
DA:69,1
DA:70,1
DA:71,1
DA:72,1
DA:73,1
DA:74,1
DA:75,1
DA:76,1
DA:77,0
DA:78,1
DA:80,1
DA:81,1
DA:84,1
DA:85,3
DA:86,3
DA:88,3
DA:89,0
DA:90,0
DA:91,0
DA:93,0
DA:95,0
DA:96,0
DA:97,0
DA:99,3
DA:100,3
DA:101,3
DA:102,3
DA:103,3
DA:104,3
DA:105,3
DA:106,3
DA:107,3
DA:108,3
DA:109,1
DA:110,2
DA:111,3
DA:113,3
DA:114,3
DA:116,1
DA:118,1
DA:119,1
DA:120,1
DA:121,1
DA:122,1
DA:123,1
DA:124,1
DA:125,1
DA:126,0
DA:127,1
DA:128,1
DA:130,1
DA:131,1
DA:132,1
DA:134,4
DA:136,4
LF:101
LH:92
BRDA:17,0,0,4
BRDA:26,1,0,1
BRDA:38,2,0,3
BRDA:63,3,0,1
BRDA:76,4,0,0
BRDA:125,5,0,0
BRDA:52,6,0,4
BRDA:84,7,0,3
BRDA:84,8,0,3
BRDA:86,9,0,1
BRDA:86,10,0,1
BRDA:88,11,0,0
BRDA:105,12,0,1
BRDA:105,13,0,2
BRDA:108,14,0,1
BRDA:109,15,0,2
BRDA:103,16,0,1
BRF:17
BRH:14
end_of_record
TN:
SF:src/components/discovery/map-view.tsx
FN:1,(empty-report)
FNF:1
FNH:1
FNDA:1,(empty-report)
DA:3,0
DA:4,0
DA:5,0
DA:6,0
DA:8,0
DA:18,0
DA:19,0
DA:20,0
DA:21,0
DA:23,0
DA:25,0
DA:26,0
DA:35,0
DA:36,0
DA:37,0
DA:38,0
DA:39,0
DA:40,0
DA:41,0
DA:43,0
DA:44,0
DA:45,0
DA:46,0
DA:47,0
DA:48,0
DA:49,0
DA:53,0
DA:54,0
DA:55,0
DA:56,0
DA:57,0
DA:58,0
DA:63,0
DA:64,0
DA:65,0
DA:66,0
DA:67,0
DA:68,0
DA:69,0
DA:70,0
DA:72,0
DA:73,0
DA:74,0
DA:75,0
DA:77,0
DA:78,0
DA:79,0
DA:81,0
DA:82,0
DA:84,0
DA:85,0
DA:87,0
DA:88,0
DA:89,0
DA:90,0
DA:91,0
DA:93,0
DA:94,0
DA:96,0
DA:97,0
DA:99,0
DA:101,0
DA:102,0
DA:103,0
DA:104,0
DA:105,0
DA:106,0
DA:107,0
DA:109,0
DA:110,0
DA:111,0
DA:112,0
DA:115,0
DA:116,0
DA:117,0
DA:118,0
DA:119,0
DA:120,0
DA:121,0
DA:122,0
DA:123,0
DA:124,0
DA:125,0
DA:127,0
DA:128,0
DA:129,0
DA:130,0
DA:132,0
DA:134,0
DA:135,0
DA:136,0
DA:137,0
DA:138,0
DA:139,0
DA:141,0
DA:142,0
DA:144,0
DA:145,0
DA:146,0
DA:147,0
DA:148,0
DA:149,0
DA:150,0
DA:151,0
DA:152,0
DA:153,0
DA:155,0
DA:156,0
DA:158,0
DA:160,0
DA:161,0
DA:163,0
DA:165,0
DA:166,0
DA:168,0
DA:178,0
DA:179,0
DA:180,0
DA:181,0
DA:183,0
DA:186,0
DA:187,0
DA:188,0
DA:189,0
DA:190,0
DA:191,0
DA:192,0
DA:193,0
DA:194,0
DA:195,0
DA:196,0
DA:198,0
DA:199,0
DA:200,0
DA:201,0
DA:202,0
DA:203,0
DA:204,0
DA:205,0
DA:206,0
DA:207,0
DA:208,0
DA:209,0
DA:210,0
DA:211,0
DA:213,0
DA:214,0
DA:215,0
DA:216,0
DA:217,0
DA:218,0
DA:219,0
DA:220,0
DA:221,0
DA:223,0
DA:224,0
DA:225,0
DA:226,0
DA:227,0
DA:228,0
DA:229,0
DA:230,0
DA:231,0
DA:232,0
DA:233,0
DA:234,0
DA:235,0
DA:236,0
DA:237,0
DA:238,0
DA:240,0
DA:241,0
DA:242,0
DA:243,0
DA:244,0
DA:245,0
DA:246,0
DA:247,0
DA:248,0
DA:249,0
DA:250,0
DA:252,0
DA:253,0
DA:254,0
DA:255,0
DA:256,0
DA:257,0
DA:258,0
DA:260,0
DA:261,0
DA:262,0
DA:263,0
DA:264,0
DA:265,0
DA:267,0
DA:268,0
DA:269,0
DA:271,0
DA:272,0
DA:273,0
DA:274,0
DA:275,0
DA:276,0
DA:277,0
DA:278,0
DA:279,0
DA:280,0
DA:281,0
DA:284,0
DA:285,0
DA:286,0
DA:287,0
DA:288,0
DA:289,0
DA:290,0
DA:291,0
DA:292,0
DA:293,0
DA:294,0
DA:295,0
DA:296,0
DA:297,0
DA:298,0
DA:299,0
DA:300,0
DA:301,0
DA:303,0
DA:304,0
DA:305,0
DA:306,0
DA:307,0
DA:308,0
DA:309,0
DA:310,0
DA:311,0
DA:312,0
DA:313,0
DA:314,0
DA:315,0
DA:318,0
DA:319,0
DA:320,0
DA:321,0
DA:322,0
DA:323,0
DA:324,0
DA:325,0
DA:326,0
DA:328,0
DA:329,0
DA:330,0
DA:331,0
DA:332,0
DA:333,0
DA:334,0
DA:336,0
DA:338,0
DA:339,0
DA:340,0
DA:342,0
DA:343,0
DA:344,0
DA:346,0
DA:347,0
DA:348,0
DA:350,0
LF:266
LH:0
BRDA:1,0,0,1
BRF:1
BRH:1
end_of_record
TN:
SF:src/components/event/attendee-avatar-stack.tsx
FN:1,(empty-report)
FNF:1
FNH:1
FNDA:1,(empty-report)
DA:3,0
DA:5,0
DA:6,0
DA:20,0
DA:21,0
DA:22,0
DA:23,0
DA:24,0
DA:25,0
DA:27,0
DA:28,0
DA:29,0
DA:31,0
DA:32,0
DA:33,0
DA:34,0
DA:35,0
DA:36,0
DA:37,0
DA:38,0
DA:39,0
DA:41,0
DA:42,0
DA:44,0
DA:45,0
DA:46,0
DA:47,0
DA:48,0
DA:49,0
DA:50,0
DA:51,0
DA:52,0
DA:53,0
DA:54,0
DA:55,0
DA:56,0
DA:58,0
DA:59,0
DA:60,0
DA:61,0
DA:62,0
DA:64,0
DA:66,0
LF:43
LH:0
BRDA:1,0,0,1
BRF:1
BRH:1
end_of_record
TN:
SF:src/components/event/attendee-qr-modal.tsx
FN:22,AttendeeQrModal
FN:34,AttendeeQrModalBody
FN:64,onKey
FN:84,onClick
FN:114,onClick
FN:122,onClick
FN:135,onClose
FN:148,QrCanvasArea
FN:175,FullscreenQr
FN:222,downloadQr
FNF:10
FNH:3
FNDA:3,AttendeeQrModal
FNDA:4,AttendeeQrModalBody
FNDA:0,onKey
FNDA:0,onClick
FNDA:0,onClick
FNDA:0,onClick
FNDA:0,onClose
FNDA:4,QrCanvasArea
FNDA:0,FullscreenQr
FNDA:0,downloadQr
DA:3,1
DA:4,1
DA:5,1
DA:7,1
DA:22,1
DA:24,3
DA:25,2
DA:26,2
DA:34,4
DA:35,4
DA:36,4
DA:37,4
DA:38,4
DA:40,4
DA:41,2
DA:42,2
DA:43,2
DA:44,1
DA:45,1
DA:46,1
DA:47,2
DA:48,2
DA:49,1
DA:50,1
DA:51,1
DA:52,1
DA:53,2
DA:54,2
DA:55,2
DA:56,2
DA:57,2
DA:58,2
DA:59,2
DA:60,4
DA:63,4
DA:64,2
DA:65,0
DA:66,0
DA:67,0
DA:68,0
DA:69,0
DA:70,2
DA:71,2
DA:72,4
DA:74,4
DA:75,4
DA:76,4
DA:77,4
DA:78,4
DA:79,4
DA:80,4
DA:82,4
DA:83,4
DA:84,4
DA:86,4
DA:87,4
DA:88,4
DA:89,4
DA:90,4
DA:92,4
DA:93,4
DA:95,4
DA:96,4
DA:98,4
DA:99,4
DA:101,4
DA:102,4
DA:103,4
DA:105,4
DA:107,4
DA:109,4
DA:110,4
DA:111,1
DA:112,1
DA:113,1
DA:114,1
DA:115,1
DA:117,1
DA:119,1
DA:120,1
DA:121,1
DA:122,1
DA:123,1
DA:125,1
DA:127,1
DA:128,1
DA:129,3
DA:130,4
DA:131,4
DA:132,4
DA:134,4
DA:135,0
DA:136,4
DA:137,4
DA:139,4
DA:148,4
DA:149,4
DA:150,2
DA:151,2
DA:152,4
DA:153,1
DA:154,1
DA:155,1
DA:156,1
DA:157,1
DA:158,1
DA:159,1
DA:160,1
DA:161,1
DA:162,1
DA:164,1
DA:165,1
DA:166,1
DA:167,1
DA:168,1
DA:169,1
DA:171,1
DA:172,0
DA:173,0
DA:175,0
DA:178,0
DA:179,0
DA:180,0
DA:181,0
DA:182,0
DA:183,0
DA:184,0
DA:185,0
DA:187,0
DA:188,0
DA:189,0
DA:190,0
DA:191,0
DA:192,0
DA:194,0
DA:195,0
DA:196,0
DA:197,0
DA:198,0
DA:199,0
DA:200,0
DA:201,0
DA:203,0
DA:204,0
DA:205,0
DA:206,0
DA:207,0
DA:208,0
DA:209,0
DA:210,0
DA:211,0
DA:212,0
DA:213,0
DA:214,0
DA:215,0
DA:216,0
DA:217,0
DA:219,0
DA:222,0
DA:223,0
DA:224,0
DA:225,0
DA:226,0
DA:227,0
DA:228,0
DA:229,0
DA:230,0
DA:231,0
DA:232,0
DA:233,0
DA:234,0
DA:235,0
DA:236,0
DA:237,0
LF:174
LH:111
BRDA:22,0,0,3
BRDA:24,1,0,1
BRDA:24,2,0,2
BRDA:34,3,0,4
BRDA:110,4,0,1
BRDA:128,5,0,3
BRDA:134,6,0,0
BRDA:134,7,0,0
BRDA:40,8,0,2
BRDA:43,9,0,1
BRDA:44,10,0,0
BRDA:48,11,0,1
BRDA:49,12,0,0
BRDA:50,13,0,0
BRDA:54,14,0,2
BRDA:57,15,0,2
BRDA:63,16,0,2
BRDA:71,17,0,2
BRDA:148,18,0,4
BRDA:149,19,0,2
BRDA:152,20,0,1
BRDA:171,21,0,0
BRF:22
BRH:16
end_of_record
TN:
SF:src/components/event/attendee-roster.tsx
FN:17,formatCheckInTime
FN:35,AttendeeRoster
FN:109,onClick
FNF:3
FNH:3
FNDA:2,formatCheckInTime
FNDA:5,AttendeeRoster
FNDA:1,onClick
DA:3,1
DA:4,1
DA:7,1
DA:17,2
DA:18,2
DA:19,2
DA:20,2
DA:21,2
DA:22,2
DA:23,2
DA:24,2
DA:25,2
DA:26,2
DA:27,2
DA:35,1
DA:36,5
DA:37,5
DA:38,5
DA:39,5
DA:40,5
DA:41,5
DA:42,5
DA:43,5
DA:45,5
DA:46,5
DA:47,5
DA:48,5
DA:49,5
DA:50,5
DA:51,5
DA:52,4
DA:53,4
DA:54,4
DA:55,4
DA:57,5
DA:59,5
DA:60,1
DA:61,1
DA:62,1
DA:64,1
DA:65,1
DA:68,5
DA:69,1
DA:71,4
DA:72,4
DA:73,6
DA:74,6
DA:75,6
DA:76,6
DA:77,6
DA:78,6
DA:80,6
DA:81,6
DA:82,6
DA:83,6
DA:85,6
DA:86,6
DA:87,6
DA:88,6
DA:89,6
DA:90,6
DA:91,6
DA:92,6
DA:93,6
DA:94,2
DA:95,4
DA:96,6
DA:97,6
DA:98,6
DA:99,6
DA:100,2
DA:101,2
DA:103,2
DA:105,4
DA:106,4
DA:107,4
DA:108,4
DA:109,4
DA:110,4
DA:112,4
DA:113,1
DA:115,3
DA:116,4
DA:118,4
DA:120,6
DA:122,4
DA:123,4
DA:125,5
DA:127,5
LF:89
LH:89
BRDA:17,0,0,2
BRDA:19,1,0,0
BRDA:35,2,0,5
BRDA:51,3,0,4
BRDA:59,4,0,1
BRDA:68,5,0,1
BRDA:69,6,0,4
BRDA:43,7,0,6
BRDA:72,8,0,6
BRDA:93,9,0,2
BRDA:94,10,0,4
BRDA:99,11,0,2
BRDA:103,12,0,4
BRDA:112,13,0,1
BRDA:113,14,0,3
BRDA:109,15,0,1
BRF:16
BRH:15
end_of_record
TN:
SF:src/components/event/comment-section.tsx
FN:1,(empty-report)
FNF:1
FNH:1
FNDA:1,(empty-report)
DA:3,0
DA:4,0
DA:5,0
DA:6,0
DA:7,0
DA:8,0
DA:10,0
DA:21,0
DA:22,0
DA:23,0
DA:24,0
DA:25,0
DA:26,0
DA:27,0
DA:28,0
DA:29,0
DA:30,0
DA:32,0
DA:33,0
DA:34,0
DA:36,0
DA:38,0
DA:39,0
DA:40,0
DA:41,0
DA:42,0
DA:44,0
DA:45,0
DA:46,0
DA:47,0
DA:48,0
DA:49,0
DA:50,0
DA:51,0
DA:66,0
DA:67,0
DA:68,0
DA:69,0
DA:70,0
DA:71,0
DA:72,0
DA:73,0
DA:74,0
DA:75,0
DA:76,0
DA:77,0
DA:78,0
DA:79,0
DA:80,0
DA:82,0
DA:84,0
DA:85,0
DA:86,0
DA:87,0
DA:88,0
DA:89,0
DA:90,0
DA:91,0
DA:92,0
DA:93,0
DA:94,0
DA:95,0
DA:96,0
DA:97,0
DA:99,0
DA:100,0
DA:101,0
DA:102,0
DA:103,0
DA:104,0
DA:106,0
DA:107,0
DA:108,0
DA:109,0
DA:110,0
DA:111,0
DA:112,0
DA:113,0
DA:114,0
DA:115,0
DA:117,0
DA:118,0
DA:119,0
DA:120,0
DA:121,0
DA:122,0
DA:123,0
DA:125,0
DA:126,0
DA:127,0
DA:128,0
DA:129,0
DA:130,0
DA:131,0
DA:132,0
DA:133,0
DA:134,0
DA:136,0
DA:137,0
DA:139,0
DA:140,0
DA:141,0
DA:142,0
DA:143,0
DA:144,0
DA:145,0
DA:146,0
DA:147,0
DA:148,0
DA:149,0
DA:150,0
DA:151,0
DA:152,0
DA:153,0
DA:154,0
DA:155,0
DA:156,0
DA:157,0
DA:159,0
DA:160,0
DA:161,0
DA:163,0
DA:164,0
DA:167,0
DA:168,0
DA:169,0
DA:170,0
DA:171,0
DA:172,0
DA:173,0
DA:174,0
DA:175,0
DA:176,0
DA:177,0
DA:178,0
DA:179,0
DA:180,0
DA:181,0
DA:182,0
DA:183,0
DA:184,0
DA:185,0
DA:186,0
DA:187,0
DA:189,0
DA:190,0
DA:191,0
DA:195,0
DA:196,0
DA:197,0
DA:198,0
DA:199,0
DA:200,0
DA:201,0
DA:202,0
DA:203,0
DA:204,0
DA:205,0
DA:206,0
DA:207,0
DA:208,0
DA:209,0
DA:210,0
DA:212,0
DA:213,0
DA:215,0
DA:219,0
DA:220,0
DA:221,0
DA:222,0
DA:223,0
DA:224,0
DA:225,0
DA:226,0
DA:227,0
DA:228,0
DA:229,0
DA:230,0
DA:231,0
DA:233,0
DA:234,0
DA:235,0
DA:236,0
DA:237,0
DA:238,0
DA:240,0
DA:242,0
DA:243,0
DA:244,0
DA:245,0
DA:246,0
DA:247,0
DA:248,0
DA:249,0
DA:250,0
DA:251,0
DA:252,0
DA:253,0
DA:254,0
DA:255,0
DA:257,0
DA:258,0
DA:259,0
DA:260,0
DA:261,0
DA:262,0
DA:263,0
DA:264,0
DA:266,0
DA:267,0
DA:268,0
DA:270,0
DA:271,0
DA:272,0
DA:273,0
DA:274,0
DA:275,0
DA:276,0
DA:277,0
DA:278,0
DA:280,0
DA:281,0
DA:282,0
DA:284,0
DA:285,0
DA:287,0
DA:290,0
DA:291,0
DA:292,0
DA:293,0
DA:294,0
DA:296,0
DA:297,0
DA:298,0
DA:299,0
DA:300,0
DA:302,0
DA:303,0
DA:304,0
DA:305,0
DA:306,0
DA:307,0
DA:308,0
DA:309,0
DA:310,0
DA:311,0
DA:312,0
DA:313,0
DA:314,0
DA:316,0
DA:317,0
DA:318,0
DA:319,0
DA:320,0
DA:321,0
DA:322,0
DA:323,0
DA:324,0
DA:325,0
DA:326,0
DA:327,0
DA:328,0
DA:330,0
DA:331,0
DA:332,0
DA:335,0
DA:336,0
DA:337,0
DA:338,0
DA:339,0
DA:340,0
DA:341,0
DA:342,0
DA:343,0
DA:344,0
DA:345,0
DA:346,0
DA:347,0
DA:348,0
DA:350,0
DA:352,0
DA:353,0
DA:354,0
DA:355,0
DA:356,0
DA:357,0
DA:358,0
DA:359,0
DA:360,0
DA:361,0
DA:362,0
DA:363,0
DA:364,0
DA:365,0
DA:366,0
DA:368,0
DA:370,0
LF:297
LH:0
BRDA:1,0,0,1
BRF:1
BRH:1
end_of_record
TN:
SF:src/components/event/confirm-dialog.tsx
FN:1,(empty-report)
FNF:1
FNH:1
FNDA:1,(empty-report)
DA:3,0
DA:4,0
DA:5,0
DA:18,0
DA:19,0
DA:20,0
DA:21,0
DA:22,0
DA:23,0
DA:24,0
DA:25,0
DA:26,0
DA:27,0
DA:28,0
DA:29,0
DA:30,0
DA:33,0
DA:34,0
DA:35,0
DA:36,0
DA:38,0
DA:39,0
DA:40,0
DA:41,0
DA:42,0
DA:43,0
DA:44,0
DA:45,0
DA:46,0
DA:47,0
DA:48,0
DA:49,0
DA:51,0
DA:53,0
DA:54,0
DA:57,0
DA:58,0
DA:59,0
DA:60,0
DA:61,0
DA:64,0
DA:65,0
DA:66,0
DA:67,0
DA:68,0
DA:69,0
DA:70,0
DA:71,0
DA:74,0
DA:75,0
DA:76,0
DA:77,0
DA:78,0
DA:80,0
DA:81,0
DA:83,0
DA:84,0
DA:85,0
DA:86,0
DA:87,0
DA:88,0
DA:90,0
DA:91,0
DA:92,0
DA:93,0
DA:94,0
DA:95,0
DA:96,0
DA:98,0
DA:99,0
DA:100,0
DA:101,0
DA:102,0
DA:103,0
DA:104,0
DA:105,0
DA:106,0
DA:107,0
DA:108,0
DA:110,0
DA:111,0
DA:112,0
DA:113,0
DA:114,0
DA:116,0
LF:85
LH:0
BRDA:1,0,0,1
BRF:1
BRH:1
end_of_record
TN:
SF:src/components/event/image-carousel.tsx
FN:13,ImageCarousel
FN:24,prev
FN:25,next
FN:78,onClick
FNF:4
FNH:3
FNDA:7,ImageCarousel
FNDA:1,prev
FNDA:3,next
FNDA:0,onClick
DA:3,1
DA:4,1
DA:5,1
DA:13,1
DA:14,7
DA:16,7
DA:17,1
DA:18,1
DA:19,1
DA:20,1
DA:22,1
DA:24,6
DA:25,6
DA:27,6
DA:28,6
DA:29,6
DA:30,6
DA:31,6
DA:32,6
DA:35,6
DA:36,6
DA:37,6
DA:38,6
DA:39,6
DA:41,6
DA:42,6
DA:45,6
DA:46,6
DA:47,6
DA:48,6
DA:49,6
DA:51,6
DA:52,6
DA:53,6
DA:54,6
DA:55,6
DA:56,6
DA:57,6
DA:59,6
DA:60,6
DA:68,6
DA:69,6
DA:70,6
DA:71,6
DA:73,6
DA:74,17
DA:75,17
DA:76,17
DA:77,17
DA:78,17
DA:79,17
DA:80,17
DA:81,17
DA:82,17
DA:83,17
DA:84,17
DA:85,6
DA:86,6
DA:89,6
DA:90,6
DA:91,6
DA:93,6
DA:94,6
DA:95,6
DA:97,7
DA:99,7
LF:66
LH:66
BRDA:13,0,0,7
BRDA:16,1,0,1
BRDA:22,2,0,6
BRDA:24,3,0,1
BRDA:24,4,0,1
BRDA:25,5,0,3
BRDA:25,6,0,3
BRDA:73,7,0,17
BRDA:81,8,0,6
BRDA:81,9,0,11
BRF:10
BRH:10
end_of_record
TN:
SF:src/components/event/itinerary-timeline.tsx
FN:10,RouteMap.loading.className
FN:12,loading
FN:32,formatRange
FN:65,ItineraryTimeline
FNF:4
FNH:4
FNDA:1,RouteMap.loading.className
FNDA:1,loading
FNDA:1,formatRange
FNDA:6,ItineraryTimeline
DA:3,1
DA:4,1
DA:7,1
DA:9,1
DA:10,1
DA:11,1
DA:12,1
DA:13,1
DA:15,1
DA:16,1
DA:17,1
DA:32,1
DA:33,1
DA:34,1
DA:35,1
DA:36,1
DA:37,1
DA:38,1
DA:39,1
DA:40,1
DA:41,1
DA:42,1
DA:43,1
DA:44,1
DA:45,1
DA:46,1
DA:47,1
DA:48,1
DA:49,1
DA:50,1
DA:51,1
DA:52,0
DA:53,0
DA:65,1
DA:66,6
DA:67,6
DA:68,6
DA:69,6
DA:70,6
DA:71,6
DA:72,0
DA:73,0
DA:75,6
DA:76,6
DA:77,6
DA:78,1
DA:79,1
DA:81,6
DA:82,10
DA:83,10
DA:84,6
DA:86,6
DA:87,10
DA:88,10
DA:89,10
DA:90,10
DA:91,6
DA:93,6
DA:94,6
DA:95,6
DA:97,6
DA:98,6
DA:99,10
DA:100,10
DA:101,10
DA:102,10
DA:103,10
DA:104,10
DA:105,10
DA:106,10
DA:108,10
DA:109,10
DA:110,10
DA:111,4
DA:112,4
DA:113,4
DA:114,4
DA:116,10
DA:117,10
DA:118,10
DA:119,10
DA:120,10
DA:121,10
DA:122,10
DA:123,6
DA:125,6
DA:127,10
DA:128,10
DA:129,6
DA:130,6
DA:131,6
DA:132,6
DA:134,10
DA:135,1
DA:136,1
DA:137,1
DA:138,1
DA:140,10
DA:141,1
DA:142,1
DA:143,1
DA:145,10
DA:146,10
DA:147,10
DA:149,6
DA:150,6
DA:151,6
DA:153,6
LF:108
LH:104
BRDA:10,0,0,1
BRDA:10,1,0,1
BRDA:12,2,0,1
BRDA:32,3,0,1
BRDA:51,4,0,0
BRDA:65,5,0,6
BRDA:71,6,0,0
BRDA:77,7,0,1
BRDA:95,8,0,5
BRDA:95,9,0,5
BRDA:75,10,0,4
BRDA:81,11,0,10
BRDA:83,12,0,9
BRDA:86,13,0,10
BRDA:98,14,0,10
BRDA:110,15,0,4
BRDA:117,16,0,6
BRDA:120,17,0,0
BRDA:122,18,0,6
BRDA:128,19,0,6
BRDA:134,20,0,1
BRDA:140,21,0,1
BRDA:140,22,0,1
BRF:23
BRH:20
end_of_record
TN:
SF:src/components/event/location-map-modal.tsx
FN:1,(empty-report)
FNF:1
FNH:1
FNDA:1,(empty-report)
DA:3,0
DA:4,0
DA:14,0
DA:15,0
DA:16,0
DA:17,0
DA:18,0
DA:19,0
DA:20,0
DA:21,0
DA:22,0
DA:23,0
DA:25,0
DA:26,0
DA:28,0
DA:30,0
DA:31,0
DA:33,0
DA:35,0
DA:36,0
DA:37,0
DA:38,0
DA:39,0
DA:40,0
DA:42,0
DA:43,0
DA:44,0
DA:45,0
DA:46,0
DA:48,0
DA:49,0
DA:51,0
DA:52,0
DA:53,0
DA:54,0
DA:56,0
DA:57,0
DA:58,0
DA:59,0
DA:60,0
DA:61,0
DA:62,0
DA:63,0
DA:65,0
DA:66,0
DA:67,0
DA:68,0
DA:69,0
DA:70,0
DA:71,0
DA:72,0
DA:74,0
DA:76,0
DA:77,0
DA:78,0
DA:79,0
DA:80,0
DA:81,0
DA:83,0
DA:84,0
DA:85,0
DA:86,0
DA:87,0
DA:89,0
DA:90,0
DA:91,0
DA:92,0
DA:93,0
DA:94,0
DA:95,0
DA:96,0
DA:97,0
DA:99,0
DA:100,0
DA:101,0
DA:102,0
DA:103,0
DA:112,0
DA:113,0
DA:114,0
DA:115,0
DA:116,0
DA:117,0
DA:119,0
LF:84
LH:0
BRDA:1,0,0,1
BRF:1
BRH:1
end_of_record
TN:
SF:src/components/event/similar-events.tsx
FN:14,formatShortDate
FN:29,SimilarEventsSection
FN:89,SimilarEventCard
FN:111,onError
FNF:4
FNH:3
FNDA:4,formatShortDate
FNDA:8,SimilarEventsSection
FNDA:4,SimilarEventCard
FNDA:0,onError
DA:3,1
DA:4,1
DA:5,1
DA:7,1
DA:8,1
DA:14,4
DA:15,4
DA:16,4
DA:17,4
DA:18,4
DA:19,4
DA:20,4
DA:21,4
DA:22,4
DA:23,4
DA:24,4
DA:25,4
DA:26,4
DA:27,4
DA:29,1
DA:30,8
DA:31,8
DA:33,8
DA:34,4
DA:35,4
DA:36,4
DA:37,3
DA:38,4
DA:39,4
DA:40,1
DA:41,4
DA:42,4
DA:43,4
DA:44,4
DA:45,4
DA:46,4
DA:47,4
DA:48,8
DA:50,8
DA:52,6
DA:53,6
DA:54,6
DA:55,6
DA:56,6
DA:57,6
DA:59,6
DA:61,6
DA:62,4
DA:63,4
DA:64,4
DA:65,4
DA:67,4
DA:68,4
DA:70,2
DA:71,2
DA:72,2
DA:74,2
DA:75,4
DA:76,4
DA:77,4
DA:78,2
DA:79,2
DA:81,8
DA:83,8
DA:89,4
DA:90,4
DA:91,4
DA:92,4
DA:93,4
DA:95,4
DA:96,4
DA:97,4
DA:98,4
DA:99,4
DA:100,4
DA:101,4
DA:103,4
DA:104,4
DA:106,0
DA:107,0
DA:108,0
DA:109,0
DA:110,0
DA:111,0
DA:112,0
DA:114,4
DA:115,4
DA:117,4
DA:118,4
DA:120,4
DA:121,4
DA:122,4
DA:123,4
DA:124,4
DA:125,4
DA:126,4
DA:127,3
DA:128,1
DA:129,1
DA:130,0
DA:131,4
DA:132,4
DA:134,4
LF:103
LH:95
BRDA:14,0,0,4
BRDA:29,1,0,8
BRDA:50,2,0,4
BRDA:50,3,0,2
BRDA:50,4,0,6
BRDA:61,5,0,4
BRDA:68,6,0,2
BRDA:33,7,0,4
BRDA:36,8,0,3
BRDA:39,9,0,1
BRDA:42,10,0,4
BRDA:45,11,0,4
BRDA:74,12,0,4
BRDA:89,13,0,4
BRDA:90,14,0,3
BRDA:91,15,0,1
BRDA:93,16,0,0
BRDA:104,17,0,0
BRDA:126,18,0,3
BRDA:127,19,0,1
BRDA:129,20,0,0
BRF:21
BRH:18
end_of_record
TN:
SF:src/components/event/status-badge.tsx
FN:45,StatusBadge
FN:61,eventStatusVariant
FNF:2
FNH:2
FNDA:4,StatusBadge
FNDA:6,eventStatusVariant
DA:1,1
DA:2,1
DA:11,1
DA:14,1
DA:15,1
DA:16,1
DA:17,1
DA:18,1
DA:19,1
DA:20,1
DA:21,1
DA:22,1
DA:23,1
DA:24,1
DA:25,1
DA:26,1
DA:27,1
DA:28,1
DA:29,1
DA:30,1
DA:31,1
DA:32,1
DA:33,1
DA:34,1
DA:35,1
DA:36,1
DA:37,1
DA:38,1
DA:39,1
DA:40,1
DA:41,1
DA:42,1
DA:43,1
DA:45,1
DA:46,4
DA:47,4
DA:48,4
DA:49,4
DA:50,4
DA:51,4
DA:52,4
DA:53,4
DA:55,4
DA:56,4
DA:57,4
DA:59,4
DA:61,1
DA:62,6
DA:63,6
DA:64,6
DA:65,6
DA:66,2
DA:67,2
LF:53
LH:53
BRDA:45,0,0,4
BRDA:61,1,0,6
BRDA:62,2,0,1
BRDA:62,3,0,5
BRDA:63,4,0,1
BRDA:63,5,0,4
BRDA:64,6,0,1
BRDA:64,7,0,3
BRDA:65,8,0,1
BRDA:65,9,0,2
BRF:10
BRH:10
end_of_record
TN:
SF:src/components/events/event-editor.tsx
FN:1,(empty-report)
FNF:1
FNH:1
FNDA:1,(empty-report)
DA:3,0
DA:4,0
DA:5,0
DA:6,0
DA:7,0
DA:27,0
DA:28,0
DA:29,0
DA:30,0
DA:31,0
DA:32,0
DA:33,0
DA:34,0
DA:35,0
DA:36,0
DA:37,0
DA:38,0
DA:51,0
DA:69,0
DA:70,0
DA:71,0
DA:73,0
DA:74,0
DA:75,0
DA:76,0
DA:77,0
DA:79,0
DA:80,0
DA:81,0
DA:95,0
DA:96,0
DA:97,0
DA:98,0
DA:99,0
DA:100,0
DA:101,0
DA:102,0
DA:103,0
DA:104,0
DA:105,0
DA:106,0
DA:107,0
DA:108,0
DA:109,0
DA:110,0
DA:111,0
DA:112,0
DA:113,0
DA:114,0
DA:115,0
DA:116,0
DA:117,0
DA:118,0
DA:119,0
DA:120,0
DA:121,0
DA:122,0
DA:123,0
DA:124,0
DA:126,0
DA:127,0
DA:128,0
DA:130,0
DA:131,0
DA:132,0
DA:133,0
DA:134,0
DA:135,0
DA:136,0
DA:137,0
DA:138,0
DA:140,0
DA:141,0
DA:143,0
DA:145,0
DA:146,0
DA:147,0
DA:148,0
DA:150,0
DA:151,0
DA:153,0
DA:154,0
DA:155,0
DA:156,0
DA:159,0
DA:160,0
DA:161,0
DA:162,0
DA:163,0
DA:164,0
DA:166,0
DA:168,0
DA:169,0
DA:170,0
DA:171,0
DA:172,0
DA:173,0
DA:174,0
DA:180,0
DA:181,0
DA:182,0
DA:183,0
DA:184,0
DA:185,0
DA:186,0
DA:187,0
DA:188,0
DA:189,0
DA:190,0
DA:192,0
DA:193,0
DA:194,0
DA:195,0
DA:196,0
DA:197,0
DA:198,0
DA:199,0
DA:200,0
DA:202,0
DA:203,0
DA:204,0
DA:205,0
DA:206,0
DA:207,0
DA:209,0
DA:211,0
DA:212,0
DA:213,0
DA:214,0
DA:215,0
DA:216,0
DA:217,0
DA:218,0
DA:225,0
DA:226,0
DA:228,0
DA:229,0
DA:230,0
DA:231,0
DA:232,0
DA:233,0
DA:234,0
DA:236,0
DA:237,0
DA:238,0
DA:239,0
DA:240,0
DA:242,0
DA:243,0
DA:244,0
DA:245,0
DA:246,0
DA:247,0
DA:249,0
DA:250,0
DA:251,0
DA:253,0
DA:254,0
DA:255,0
DA:256,0
DA:257,0
DA:258,0
DA:259,0
DA:260,0
DA:261,0
DA:262,0
DA:263,0
DA:264,0
DA:265,0
DA:266,0
DA:268,0
DA:269,0
DA:270,0
DA:271,0
DA:272,0
DA:273,0
DA:274,0
DA:276,0
DA:277,0
DA:278,0
DA:279,0
DA:280,0
DA:281,0
DA:282,0
DA:284,0
DA:285,0
DA:286,0
DA:288,0
DA:289,0
DA:290,0
DA:291,0
DA:292,0
DA:294,0
DA:295,0
DA:296,0
DA:297,0
DA:299,0
DA:300,0
DA:301,0
DA:302,0
DA:303,0
DA:304,0
DA:305,0
DA:306,0
DA:307,0
DA:308,0
DA:309,0
DA:310,0
DA:311,0
DA:312,0
DA:313,0
DA:314,0
DA:315,0
DA:316,0
DA:318,0
DA:319,0
DA:320,0
DA:321,0
DA:322,0
DA:323,0
DA:324,0
DA:325,0
DA:326,0
DA:327,0
DA:329,0
DA:330,0
DA:331,0
DA:332,0
DA:333,0
DA:334,0
DA:335,0
DA:336,0
DA:337,0
DA:338,0
DA:339,0
DA:340,0
DA:342,0
DA:343,0
DA:344,0
DA:345,0
DA:346,0
DA:348,0
DA:349,0
DA:350,0
DA:351,0
DA:352,0
DA:354,0
DA:355,0
DA:356,0
DA:357,0
DA:358,0
DA:360,0
DA:361,0
DA:362,0
DA:363,0
DA:365,0
DA:366,0
DA:367,0
DA:368,0
DA:369,0
DA:370,0
DA:371,0
DA:372,0
DA:373,0
DA:374,0
DA:375,0
DA:376,0
DA:377,0
DA:378,0
DA:379,0
DA:380,0
DA:381,0
DA:382,0
DA:384,0
DA:385,0
DA:386,0
DA:387,0
DA:388,0
DA:389,0
DA:390,0
DA:391,0
DA:392,0
DA:393,0
DA:395,0
DA:396,0
DA:397,0
DA:399,0
DA:400,0
DA:401,0
DA:402,0
DA:403,0
DA:404,0
DA:405,0
DA:406,0
DA:407,0
DA:409,0
DA:410,0
DA:411,0
DA:412,0
DA:413,0
DA:415,0
DA:416,0
DA:417,0
DA:419,0
DA:421,0
DA:422,0
DA:423,0
DA:424,0
DA:425,0
DA:429,0
DA:430,0
DA:431,0
DA:432,0
DA:433,0
DA:434,0
DA:435,0
DA:437,0
DA:438,0
DA:439,0
DA:440,0
DA:441,0
DA:443,0
DA:445,0
DA:446,0
DA:447,0
DA:448,0
DA:449,0
DA:450,0
DA:451,0
DA:452,0
DA:454,0
DA:455,0
DA:456,0
DA:457,0
DA:458,0
DA:459,0
DA:460,0
DA:461,0
DA:462,0
DA:463,0
DA:464,0
DA:465,0
DA:466,0
DA:467,0
DA:468,0
DA:469,0
DA:470,0
DA:471,0
DA:472,0
DA:473,0
DA:474,0
DA:475,0
DA:476,0
DA:477,0
DA:478,0
DA:479,0
DA:480,0
DA:481,0
DA:482,0
DA:483,0
DA:484,0
DA:486,0
DA:487,0
DA:489,0
DA:490,0
DA:491,0
DA:493,0
DA:494,0
DA:495,0
DA:496,0
DA:497,0
DA:499,0
DA:500,0
DA:501,0
DA:503,0
DA:505,0
DA:506,0
DA:507,0
DA:508,0
DA:509,0
DA:510,0
DA:512,0
DA:513,0
DA:514,0
DA:515,0
DA:516,0
DA:517,0
DA:518,0
DA:519,0
DA:520,0
DA:522,0
DA:523,0
DA:524,0
DA:525,0
DA:526,0
DA:527,0
DA:528,0
DA:529,0
DA:530,0
DA:531,0
DA:532,0
DA:533,0
DA:534,0
DA:535,0
DA:536,0
DA:537,0
DA:538,0
DA:539,0
DA:540,0
DA:542,0
DA:544,0
DA:545,0
DA:546,0
DA:547,0
DA:549,0
DA:550,0
DA:551,0
DA:552,0
DA:553,0
DA:554,0
DA:555,0
DA:556,0
DA:557,0
DA:558,0
DA:559,0
DA:560,0
DA:561,0
DA:562,0
DA:563,0
DA:564,0
DA:565,0
DA:566,0
DA:567,0
DA:568,0
DA:569,0
DA:570,0
DA:571,0
DA:572,0
DA:573,0
DA:574,0
DA:575,0
DA:576,0
DA:577,0
DA:578,0
DA:579,0
DA:580,0
DA:581,0
DA:582,0
DA:583,0
DA:584,0
DA:585,0
DA:586,0
DA:587,0
DA:588,0
DA:589,0
DA:590,0
DA:591,0
DA:592,0
DA:593,0
DA:594,0
DA:595,0
DA:596,0
DA:597,0
DA:598,0
DA:599,0
DA:600,0
DA:601,0
DA:602,0
DA:603,0
DA:604,0
DA:605,0
DA:606,0
DA:607,0
DA:608,0
DA:609,0
DA:610,0
DA:611,0
DA:612,0
DA:613,0
DA:614,0
DA:615,0
DA:616,0
DA:617,0
DA:618,0
DA:619,0
DA:620,0
DA:621,0
DA:622,0
DA:623,0
DA:624,0
DA:626,0
DA:627,0
DA:628,0
DA:629,0
DA:631,0
DA:632,0
DA:633,0
DA:635,0
DA:636,0
DA:638,0
DA:639,0
DA:640,0
DA:642,0
DA:643,0
DA:644,0
DA:645,0
DA:647,0
DA:648,0
DA:650,0
DA:651,0
DA:652,0
DA:653,0
DA:655,0
DA:656,0
DA:657,0
DA:660,0
DA:661,0
DA:663,0
DA:664,0
DA:665,0
DA:666,0
DA:667,0
DA:668,0
DA:669,0
DA:671,0
DA:672,0
DA:673,0
DA:674,0
DA:675,0
DA:676,0
DA:678,0
DA:679,0
DA:680,0
DA:682,0
DA:683,0
DA:684,0
DA:685,0
DA:686,0
DA:687,0
DA:688,0
DA:689,0
DA:690,0
DA:695,0
DA:696,0
DA:698,0
DA:699,0
DA:700,0
DA:701,0
DA:702,0
DA:703,0
DA:704,0
DA:705,0
DA:706,0
DA:707,0
DA:708,0
DA:709,0
DA:710,0
DA:711,0
DA:712,0
DA:713,0
DA:714,0
DA:715,0
DA:716,0
DA:717,0
DA:718,0
DA:719,0
DA:720,0
DA:721,0
DA:722,0
DA:723,0
DA:724,0
DA:725,0
DA:726,0
DA:727,0
DA:728,0
DA:729,0
DA:730,0
DA:731,0
DA:733,0
DA:734,0
DA:735,0
DA:736,0
DA:737,0
DA:738,0
DA:739,0
DA:741,0
DA:742,0
DA:743,0
DA:744,0
DA:745,0
DA:746,0
DA:747,0
DA:748,0
DA:749,0
DA:750,0
DA:752,0
DA:753,0
DA:754,0
DA:755,0
DA:756,0
DA:757,0
DA:758,0
DA:759,0
DA:760,0
DA:762,0
DA:763,0
DA:764,0
DA:765,0
DA:766,0
DA:767,0
DA:768,0
DA:769,0
DA:770,0
DA:772,0
DA:773,0
DA:774,0
DA:775,0
DA:776,0
DA:777,0
DA:779,0
DA:780,0
DA:781,0
DA:782,0
DA:783,0
DA:784,0
DA:786,0
DA:787,0
DA:788,0
DA:789,0
DA:791,0
DA:792,0
DA:793,0
DA:794,0
DA:795,0
DA:796,0
DA:797,0
DA:798,0
DA:800,0
DA:801,0
DA:802,0
DA:804,0
DA:805,0
DA:806,0
DA:808,0
DA:809,0
DA:810,0
DA:811,0
DA:812,0
DA:813,0
DA:814,0
DA:816,0
DA:817,0
DA:818,0
DA:819,0
DA:821,0
DA:822,0
DA:824,0
DA:825,0
DA:826,0
DA:828,0
DA:829,0
DA:830,0
DA:832,0
DA:833,0
DA:835,0
DA:836,0
DA:837,0
DA:838,0
DA:839,0
DA:840,0
DA:842,0
DA:843,0
DA:844,0
DA:845,0
DA:846,0
DA:847,0
DA:848,0
DA:850,0
DA:851,0
DA:852,0
DA:853,0
DA:854,0
DA:855,0
DA:856,0
DA:857,0
DA:858,0
DA:859,0
DA:861,0
DA:862,0
DA:863,0
DA:864,0
DA:865,0
DA:866,0
DA:867,0
DA:869,0
DA:870,0
DA:871,0
DA:873,0
DA:874,0
DA:875,0
DA:876,0
DA:877,0
DA:878,0
DA:880,0
DA:881,0
DA:882,0
DA:883,0
DA:884,0
DA:885,0
DA:886,0
DA:887,0
DA:888,0
DA:889,0
DA:890,0
DA:891,0
DA:892,0
DA:893,0
DA:894,0
DA:895,0
DA:896,0
DA:897,0
DA:898,0
DA:899,0
DA:900,0
DA:901,0
DA:902,0
DA:903,0
DA:904,0
DA:906,0
DA:907,0
DA:908,0
DA:909,0
DA:910,0
DA:911,0
DA:912,0
DA:914,0
DA:915,0
DA:916,0
DA:918,0
DA:919,0
DA:920,0
DA:922,0
DA:923,0
DA:925,0
DA:926,0
DA:927,0
DA:928,0
DA:929,0
DA:931,0
DA:932,0
DA:933,0
DA:934,0
DA:935,0
DA:936,0
DA:937,0
DA:938,0
DA:939,0
DA:940,0
DA:941,0
DA:942,0
DA:943,0
DA:944,0
DA:946,0
DA:947,0
DA:949,0
DA:950,0
DA:951,0
DA:952,0
DA:954,0
DA:955,0
DA:956,0
DA:957,0
DA:959,0
DA:960,0
DA:961,0
DA:963,0
DA:964,0
DA:965,0
DA:966,0
DA:967,0
DA:968,0
DA:969,0
DA:970,0
DA:972,0
DA:973,0
DA:975,0
DA:976,0
DA:977,0
DA:978,0
DA:980,0
DA:981,0
DA:982,0
DA:983,0
DA:984,0
DA:985,0
DA:987,0
DA:988,0
DA:989,0
DA:990,0
DA:991,0
DA:992,0
DA:993,0
DA:994,0
DA:995,0
DA:996,0
DA:997,0
DA:998,0
DA:1000,0
DA:1001,0
DA:1002,0
DA:1004,0
DA:1005,0
DA:1006,0
DA:1008,0
DA:1009,0
DA:1011,0
DA:1012,0
DA:1013,0
DA:1014,0
DA:1015,0
DA:1017,0
DA:1018,0
DA:1019,0
DA:1020,0
DA:1021,0
DA:1023,0
DA:1024,0
DA:1025,0
DA:1026,0
DA:1027,0
DA:1028,0
DA:1029,0
DA:1030,0
DA:1031,0
DA:1032,0
DA:1033,0
DA:1034,0
DA:1035,0
DA:1036,0
DA:1037,0
DA:1038,0
DA:1039,0
DA:1041,0
DA:1042,0
DA:1043,0
DA:1044,0
DA:1046,0
DA:1047,0
DA:1049,0
DA:1050,0
DA:1051,0
DA:1052,0
DA:1053,0
DA:1054,0
DA:1055,0
DA:1056,0
DA:1057,0
DA:1058,0
DA:1059,0
DA:1060,0
DA:1061,0
DA:1063,0
DA:1064,0
DA:1065,0
DA:1066,0
DA:1068,0
DA:1069,0
DA:1071,0
DA:1072,0
DA:1073,0
DA:1075,0
DA:1076,0
DA:1077,0
DA:1078,0
DA:1079,0
DA:1080,0
DA:1081,0
DA:1082,0
DA:1084,0
DA:1085,0
DA:1086,0
DA:1087,0
DA:1088,0
DA:1089,0
DA:1090,0
DA:1091,0
DA:1092,0
DA:1093,0
DA:1095,0
DA:1096,0
DA:1097,0
DA:1098,0
DA:1099,0
DA:1101,0
DA:1103,0
DA:1104,0
DA:1105,0
DA:1106,0
DA:1107,0
DA:1108,0
DA:1109,0
DA:1110,0
DA:1111,0
DA:1114,0
DA:1115,0
DA:1116,0
DA:1117,0
DA:1118,0
DA:1119,0
DA:1120,0
DA:1121,0
DA:1122,0
DA:1123,0
DA:1125,0
DA:1127,0
DA:1128,0
DA:1129,0
DA:1130,0
DA:1131,0
DA:1132,0
DA:1133,0
DA:1134,0
DA:1135,0
DA:1136,0
DA:1137,0
DA:1138,0
DA:1139,0
DA:1140,0
DA:1141,0
DA:1142,0
DA:1144,0
DA:1145,0
DA:1146,0
DA:1147,0
DA:1148,0
DA:1149,0
DA:1150,0
DA:1151,0
DA:1152,0
DA:1153,0
DA:1154,0
DA:1155,0
DA:1157,0
DA:1159,0
DA:1161,0
DA:1163,0
DA:1164,0
DA:1166,0
DA:1167,0
DA:1168,0
DA:1169,0
DA:1170,0
DA:1172,0
DA:1174,0
DA:1175,0
DA:1177,0
DA:1178,0
DA:1180,0
DA:1181,0
DA:1183,0
DA:1184,0
DA:1186,0
DA:1187,0
DA:1189,0
DA:1190,0
DA:1191,0
DA:1193,0
DA:1194,0
DA:1195,0
DA:1196,0
DA:1197,0
DA:1198,0
DA:1199,0
DA:1200,0
DA:1201,0
DA:1203,0
DA:1204,0
DA:1205,0
DA:1206,0
DA:1207,0
DA:1208,0
DA:1209,0
DA:1210,0
DA:1211,0
DA:1212,0
DA:1213,0
DA:1214,0
DA:1215,0
DA:1216,0
DA:1217,0
DA:1218,0
DA:1219,0
DA:1220,0
DA:1221,0
DA:1223,0
DA:1224,0
DA:1225,0
DA:1226,0
DA:1227,0
DA:1228,0
DA:1230,0
DA:1231,0
DA:1232,0
DA:1233,0
DA:1234,0
DA:1235,0
DA:1236,0
DA:1237,0
DA:1238,0
DA:1239,0
DA:1240,0
DA:1241,0
DA:1242,0
DA:1243,0
DA:1245,0
DA:1246,0
DA:1248,0
DA:1249,0
DA:1250,0
DA:1251,0
DA:1252,0
DA:1254,0
DA:1255,0
DA:1256,0
DA:1257,0
DA:1258,0
DA:1259,0
DA:1260,0
DA:1261,0
DA:1262,0
DA:1263,0
DA:1264,0
DA:1266,0
DA:1267,0
DA:1269,0
DA:1270,0
DA:1271,0
DA:1272,0
DA:1274,0
DA:1275,0
DA:1276,0
DA:1277,0
DA:1278,0
DA:1279,0
DA:1280,0
DA:1281,0
DA:1282,0
DA:1283,0
DA:1284,0
DA:1285,0
DA:1286,0
DA:1287,0
DA:1288,0
DA:1290,0
DA:1292,0
DA:1293,0
DA:1295,0
DA:1296,0
DA:1297,0
DA:1298,0
DA:1299,0
DA:1300,0
DA:1302,0
DA:1303,0
DA:1304,0
DA:1305,0
DA:1308,0
DA:1309,0
DA:1311,0
DA:1312,0
DA:1313,0
DA:1314,0
DA:1315,0
DA:1316,0
DA:1317,0
DA:1319,0
DA:1320,0
DA:1321,0
DA:1322,0
DA:1323,0
DA:1324,0
DA:1325,0
DA:1326,0
DA:1327,0
DA:1329,0
DA:1330,0
DA:1331,0
DA:1332,0
DA:1333,0
DA:1335,0
DA:1337,0
DA:1338,0
DA:1339,0
DA:1340,0
DA:1341,0
DA:1342,0
DA:1343,0
DA:1344,0
DA:1345,0
DA:1346,0
DA:1347,0
DA:1348,0
DA:1349,0
DA:1350,0
DA:1351,0
DA:1352,0
DA:1353,0
DA:1354,0
DA:1355,0
DA:1357,0
DA:1358,0
DA:1359,0
DA:1360,0
DA:1362,0
DA:1364,0
DA:1365,0
DA:1366,0
DA:1367,0
DA:1368,0
DA:1369,0
DA:1370,0
DA:1371,0
DA:1372,0
DA:1373,0
DA:1375,0
DA:1376,0
DA:1377,0
DA:1378,0
DA:1379,0
DA:1380,0
DA:1381,0
DA:1382,0
DA:1383,0
DA:1384,0
DA:1385,0
DA:1386,0
DA:1388,0
DA:1389,0
DA:1390,0
DA:1391,0
DA:1392,0
DA:1393,0
DA:1394,0
DA:1395,0
DA:1396,0
DA:1397,0
DA:1398,0
DA:1399,0
DA:1400,0
DA:1401,0
DA:1402,0
DA:1403,0
DA:1404,0
DA:1405,0
DA:1406,0
DA:1407,0
DA:1408,0
DA:1409,0
DA:1410,0
DA:1412,0
DA:1413,0
DA:1414,0
DA:1416,0
DA:1417,0
DA:1418,0
DA:1419,0
DA:1420,0
DA:1421,0
DA:1422,0
DA:1423,0
DA:1424,0
DA:1425,0
DA:1426,0
DA:1427,0
DA:1429,0
DA:1430,0
DA:1431,0
DA:1432,0
DA:1435,0
DA:1436,0
DA:1438,0
DA:1439,0
DA:1440,0
DA:1441,0
DA:1442,0
DA:1443,0
DA:1444,0
DA:1446,0
DA:1447,0
DA:1448,0
DA:1449,0
DA:1450,0
DA:1451,0
DA:1452,0
DA:1453,0
DA:1454,0
DA:1455,0
DA:1456,0
DA:1457,0
DA:1458,0
DA:1459,0
DA:1460,0
DA:1461,0
DA:1462,0
DA:1463,0
DA:1464,0
DA:1466,0
DA:1467,0
DA:1468,0
DA:1469,0
DA:1470,0
DA:1471,0
DA:1472,0
DA:1473,0
DA:1474,0
DA:1475,0
DA:1477,0
DA:1478,0
DA:1479,0
DA:1480,0
DA:1482,0
DA:1483,0
DA:1484,0
DA:1485,0
DA:1486,0
DA:1488,0
DA:1489,0
DA:1490,0
DA:1491,0
DA:1492,0
DA:1493,0
DA:1494,0
DA:1495,0
DA:1496,0
DA:1497,0
DA:1498,0
DA:1499,0
DA:1500,0
DA:1501,0
DA:1502,0
DA:1503,0
DA:1504,0
DA:1505,0
DA:1506,0
DA:1508,0
DA:1509,0
DA:1510,0
DA:1511,0
DA:1512,0
DA:1513,0
DA:1514,0
DA:1515,0
DA:1516,0
DA:1517,0
DA:1518,0
DA:1520,0
DA:1521,0
DA:1522,0
DA:1523,0
DA:1524,0
DA:1525,0
DA:1526,0
DA:1527,0
DA:1528,0
DA:1529,0
DA:1530,0
DA:1531,0
DA:1532,0
DA:1533,0
DA:1534,0
DA:1535,0
DA:1536,0
DA:1537,0
DA:1538,0
DA:1539,0
DA:1540,0
DA:1541,0
DA:1542,0
DA:1543,0
DA:1544,0
DA:1545,0
DA:1546,0
DA:1547,0
DA:1548,0
DA:1549,0
DA:1550,0
DA:1551,0
DA:1552,0
DA:1553,0
DA:1555,0
DA:1556,0
DA:1557,0
DA:1558,0
DA:1559,0
DA:1561,0
DA:1562,0
DA:1563,0
DA:1564,0
DA:1565,0
DA:1566,0
DA:1568,0
DA:1569,0
DA:1570,0
DA:1571,0
DA:1572,0
DA:1573,0
DA:1574,0
[...]
DA:578,0
DA:579,0
DA:581,0
DA:582,0
DA:583,0
DA:584,0
DA:587,0
DA:588,0
DA:589,0
DA:590,0
DA:591,0
DA:593,0
DA:594,0
DA:595,0
DA:596,0
DA:598,0
DA:599,0
DA:600,0
DA:601,0
DA:603,0
DA:604,0
DA:605,0
DA:606,0
DA:607,0
DA:608,0
DA:609,0
DA:611,0
DA:612,0
DA:613,0
DA:614,0
DA:615,0
DA:617,0
DA:618,0
DA:619,0
DA:620,0
DA:621,0
DA:622,0
DA:623,0
DA:625,0
DA:626,0
DA:627,0
DA:628,0
DA:629,0
DA:630,0
DA:631,0
DA:633,0
DA:634,0
DA:635,0
DA:637,0
DA:638,0
DA:639,0
DA:640,0
DA:641,0
DA:642,0
DA:644,0
DA:645,0
DA:646,0
DA:647,0
DA:648,0
DA:649,0
DA:650,0
LF:318
LH:126
BRDA:260,0,0,3
BRDA:271,1,0,40
BRDA:272,2,0,0
BRDA:276,3,0,0
BRDA:279,4,0,40
BRDA:280,5,0,0
BRDA:283,6,0,10
BRDA:284,7,0,0
BRDA:297,8,0,40
BRDA:298,9,0,38
BRDA:298,10,0,30
BRDA:300,11,0,10
BRDA:302,12,0,24
BRDA:302,13,0,0
BRDA:304,14,0,10
BRDA:310,15,0,40
BRDA:311,16,0,0
BRDA:315,17,0,4
BRDA:317,18,0,35
BRDA:319,19,0,9
BRDA:319,20,0,5
BRDA:322,21,0,4
BRDA:325,22,0,3
BRDA:326,23,0,1
BRDA:326,24,0,1
BRDA:328,25,0,2
BRDA:330,26,0,2
BRDA:333,27,0,0
BRDA:335,28,0,0
BRDA:335,29,0,0
BRDA:338,30,0,0
BRDA:379,31,0,40
BRDA:387,32,0,16
BRDA:387,33,0,35
BRDA:387,34,0,27
BRDA:400,35,0,40
BRDA:403,36,0,3
BRDA:409,37,0,37
BRDA:411,38,0,4
BRDA:413,39,0,36
BRDA:413,40,0,33
BRDA:415,41,0,0
BRDA:417,42,0,33
BRDA:453,43,0,40
BRDA:469,44,0,0
BRDA:469,45,0,0
BRDA:469,46,0,0
BRDA:476,47,0,0
BRDA:476,48,0,0
BRDA:526,49,0,121
BRDA:529,50,0,0
BRDA:541,51,0,2
BRDA:545,52,0,2
BRDA:546,53,0,0
BRDA:550,54,0,1
BRDA:550,55,0,1
BRF:56
BRH:38
end_of_record
TN:
SF:src/lib/event-form.ts
FN:69,pad
FN:73,formatDateInput
FN:77,formatTimeInput
FN:81,createLocationId
FN:85,getDefaultStartDate
FN:92,buildVenueMetadata
FN:123,parseDateTime
FN:136,isLatitudeValid
FN:141,isLongitudeValid
FN:146,getDraftDateRange
FN:162,createEmptyLocation
FN:182,createDefaultEventFormValues
FN:212,mapEventToFormValues
FN:283,isFullEventResponse
FN:289,buildEventCreatePayload
FN:307,buildBootstrapDraftPayload
FN:352,buildEventUpdatePayload
FN:374,buildBestEffortEventUpdatePayload
FN:430,buildIsoDateTime
FN:435,getEventDurationLabel
FN:500,formatEventDateRange
FN:516,validateStep
FN:663,getDraftCreationErrors
FN:671,getFirstInvalidStep
FN:681,buildLocations
FN:706,buildSegments
FN:724,isSegmentReady
FNF:27
FNH:18
FNDA:152,pad
FNDA:38,formatDateInput
FNDA:38,formatTimeInput
FNDA:39,createLocationId
FNDA:17,getDefaultStartDate
FNDA:5,buildVenueMetadata
FNDA:66,parseDateTime
FNDA:0,isLatitudeValid
FNDA:0,isLongitudeValid
FNDA:0,getDraftDateRange
FNDA:39,createEmptyLocation
FNDA:17,createDefaultEventFormValues
FNDA:1,mapEventToFormValues
FNDA:0,isFullEventResponse
FNDA:2,buildEventCreatePayload
FNDA:0,buildBootstrapDraftPayload
FNDA:1,buildEventUpdatePayload
FNDA:2,buildBestEffortEventUpdatePayload
FNDA:18,buildIsoDateTime
FNDA:0,getEventDurationLabel
FNDA:0,formatEventDateRange
FNDA:16,validateStep
FNDA:0,getDraftCreationErrors
FNDA:0,getFirstInvalidStep
FNDA:5,buildLocations
FNDA:8,buildSegments
FNDA:9,isSegmentReady
DA:11,1
DA:12,1
DA:13,1
DA:14,1
DA:15,1
DA:16,1
DA:17,1
DA:18,1
DA:19,1
DA:67,1
DA:69,152
DA:70,152
DA:71,152
DA:73,38
DA:74,38
DA:75,38
DA:77,38
DA:78,38
DA:79,38
DA:81,39
DA:82,39
DA:83,39
DA:85,17
DA:86,17
DA:87,17
DA:88,17
DA:89,17
DA:90,17
DA:92,5
DA:93,5
DA:94,5
DA:95,5
DA:97,5
DA:98,5
DA:99,5
DA:100,5
DA:101,5
DA:102,5
DA:103,5
DA:104,5
DA:105,5
DA:106,5
DA:107,5
DA:109,5
DA:110,5
DA:111,5
DA:112,5
DA:113,5
DA:114,5
DA:115,5
DA:116,5
DA:117,5
DA:118,5
DA:120,5
DA:121,5
DA:123,66
DA:124,66
DA:125,0
DA:126,0
DA:128,66
DA:129,66
DA:130,0
DA:131,0
DA:133,66
DA:134,66
DA:136,0
DA:137,0
DA:138,0
DA:139,0
DA:141,0
DA:142,0
DA:143,0
DA:144,0
DA:146,0
DA:147,0
DA:148,0
DA:149,0
DA:150,0
DA:152,0
DA:153,0
DA:154,0
DA:155,0
DA:157,0
DA:158,0
DA:159,0
DA:160,0
DA:162,1
DA:163,39
DA:164,39
DA:165,39
DA:166,39
DA:167,39
DA:168,39
DA:169,39
DA:170,39
DA:171,39
DA:172,39
DA:173,39
DA:174,39
DA:175,39
DA:176,39
DA:177,39
DA:178,39
DA:179,39
DA:180,39
DA:182,1
DA:183,17
DA:184,17
DA:185,17
DA:187,17
DA:188,17
DA:189,17
DA:190,17
DA:191,17
DA:192,17
DA:193,17
DA:194,17
DA:195,17
DA:196,17
DA:197,17
DA:198,17
DA:199,17
DA:200,17
DA:201,17
DA:202,17
DA:203,17
DA:204,17
DA:205,17
DA:206,17
DA:207,17
DA:208,17
DA:209,17
DA:210,17
DA:212,1
DA:213,1
DA:214,1
DA:217,1
DA:220,1
DA:221,1
DA:222,1
DA:223,1
DA:225,1
DA:226,1
DA:227,1
DA:228,1
DA:229,1
DA:230,1
DA:231,1
DA:232,1
DA:233,1
DA:234,1
DA:235,1
DA:236,1
DA:237,1
DA:238,1
DA:239,1
DA:240,1
DA:241,1
DA:242,2
DA:243,2
DA:244,1
DA:245,1
DA:246,1
DA:247,1
DA:248,1
DA:249,1
DA:250,1
DA:251,1
DA:252,1
DA:253,1
DA:254,1
DA:255,1
DA:256,1
DA:257,1
DA:258,1
DA:259,1
DA:260,1
DA:261,1
DA:262,2
DA:263,2
DA:264,2
DA:265,2
DA:266,2
DA:267,2
DA:268,2
DA:269,1
DA:270,0
DA:271,1
DA:272,1
DA:273,1
DA:274,1
DA:275,1
DA:276,1
DA:277,1
DA:278,1
DA:279,1
DA:280,1
DA:281,1
DA:283,1
DA:284,0
DA:285,0
DA:286,0
DA:287,0
DA:289,1
DA:290,2
DA:291,2
DA:292,2
DA:293,2
DA:294,2
DA:295,2
DA:296,2
DA:297,2
DA:298,2
DA:299,2
DA:300,2
DA:301,2
DA:302,2
DA:303,2
DA:304,2
DA:305,2
DA:307,1
DA:308,0
DA:309,0
DA:310,0
DA:311,0
DA:312,0
DA:314,0
DA:315,0
DA:316,0
DA:318,0
DA:319,0
DA:320,0
DA:322,0
DA:323,0
DA:324,0
DA:325,0
DA:326,0
DA:327,0
DA:328,0
DA:329,0
DA:330,0
DA:331,0
DA:332,0
DA:333,0
DA:334,0
DA:335,0
DA:336,0
DA:337,0
DA:338,0
DA:339,0
DA:340,0
DA:341,0
DA:342,0
DA:343,0
DA:344,0
DA:345,0
DA:346,0
DA:347,0
DA:348,0
DA:349,0
DA:350,0
DA:352,1
DA:353,1
DA:354,1
DA:355,1
DA:356,1
DA:357,1
DA:358,1
DA:359,1
DA:360,1
DA:363,1
DA:364,1
DA:365,1
DA:366,1
DA:367,1
DA:368,1
DA:369,1
DA:370,1
DA:371,1
DA:372,1
DA:374,1
DA:375,2
DA:376,2
DA:377,2
DA:378,2
DA:379,2
DA:380,2
DA:381,2
DA:383,2
DA:384,2
DA:385,2
DA:386,2
DA:387,2
DA:388,2
DA:390,2
DA:391,2
DA:392,2
DA:393,2
DA:394,2
DA:396,2
DA:397,2
DA:398,2
DA:399,2
DA:400,2
DA:401,2
DA:402,2
DA:407,2
DA:408,1
DA:409,1
DA:410,1
DA:411,2
DA:413,2
DA:414,2
DA:415,0
DA:416,0
DA:418,2
DA:419,2
DA:420,2
DA:421,2
DA:422,2
DA:423,0
DA:424,0
DA:425,0
DA:427,2
DA:428,2
DA:430,1
DA:431,18
DA:432,18
DA:433,18
DA:435,1
DA:436,0
DA:437,0
DA:439,0
DA:440,0
DA:441,0
DA:443,0
DA:444,0
DA:445,0
DA:447,0
DA:448,0
DA:449,0
DA:450,0
DA:452,0
DA:453,0
DA:454,0
DA:455,0
DA:456,0
DA:457,0
DA:459,0
DA:460,0
DA:461,0
DA:463,0
DA:464,0
DA:465,0
DA:466,0
DA:467,0
DA:468,0
DA:470,0
DA:471,0
DA:472,0
DA:474,0
DA:475,0
DA:476,0
DA:477,0
DA:478,0
DA:479,0
DA:481,0
DA:482,0
DA:483,0
DA:485,0
DA:486,0
DA:487,0
DA:489,0
DA:490,0
DA:491,0
DA:492,0
DA:493,0
DA:494,0
DA:495,0
DA:497,0
DA:498,0
DA:500,1
DA:501,0
DA:502,0
DA:504,0
DA:505,0
DA:506,0
DA:508,0
DA:509,0
DA:510,0
DA:511,0
DA:513,0
DA:514,0
DA:516,1
DA:517,16
DA:518,16
DA:519,16
DA:520,16
DA:521,16
DA:523,16
DA:524,2
DA:525,0
DA:526,0
DA:528,2
DA:529,0
DA:530,0
DA:532,2
DA:533,0
DA:534,0
DA:535,2
DA:537,16
DA:538,2
DA:539,2
DA:541,2
DA:542,0
DA:543,0
DA:545,2
DA:546,0
DA:547,0
DA:549,2
DA:550,0
DA:551,0
DA:553,2
DA:554,0
DA:555,0
DA:556,2
DA:558,16
DA:559,10
DA:560,0
DA:561,0
DA:565,10
DA:566,10
DA:568,10
DA:569,12
DA:570,0
DA:571,0
DA:573,12
DA:574,12
DA:575,1
DA:576,12
DA:577,0
DA:578,0
DA:580,12
DA:581,12
DA:582,1
DA:583,12
DA:584,0
DA:585,0
DA:589,12
DA:590,11
DA:591,11
DA:592,0
DA:593,0
DA:594,0
DA:595,11
DA:596,11
DA:597,11
DA:598,10
DA:599,10
DA:600,11
DA:601,1
DA:602,1
DA:603,11
DA:604,10
DA:605,10
DA:606,10
DA:607,3
DA:608,10
DA:609,0
DA:610,7
DA:611,1
DA:612,1
DA:613,7
DA:614,1
DA:615,1
DA:616,10
DA:617,11
DA:618,10
DA:623,10
DA:624,10
DA:625,10
DA:626,12
DA:627,12
DA:628,11
DA:629,11
DA:630,10
DA:631,10
DA:633,10
DA:634,10
DA:635,2
DA:636,2
DA:637,2
DA:638,2
DA:639,2
DA:640,1
DA:641,1
DA:642,1
DA:643,2
DA:644,10
DA:646,16
DA:647,0
DA:648,0
DA:650,16
DA:651,0
DA:653,0
DA:654,0
DA:655,0
DA:656,0
DA:657,0
DA:658,0
DA:660,16
DA:661,16
DA:663,1
DA:664,0
DA:665,0
DA:666,0
DA:667,0
DA:668,0
DA:669,0
DA:671,1
DA:672,0
DA:673,0
DA:674,0
DA:675,0
DA:676,0
DA:678,0
DA:679,0
DA:681,5
DA:682,5
DA:683,5
DA:684,5
DA:685,5
DA:686,5
DA:687,5
DA:688,5
DA:689,5
DA:690,5
DA:691,5
DA:692,5
DA:694,5
DA:695,0
DA:696,0
DA:698,5
DA:699,5
DA:706,1
DA:707,8
DA:708,9
DA:709,5
DA:710,5
DA:711,4
DA:712,4
DA:713,4
DA:714,4
DA:715,4
DA:716,4
DA:717,4
DA:718,9
DA:719,9
DA:720,9
DA:721,8
DA:722,8
DA:724,9
DA:725,9
DA:726,9
DA:727,4
DA:728,4
DA:729,4
DA:730,4
DA:731,4
DA:732,4
DA:734,9
LF:571
LH:384
BRDA:69,0,0,152
BRDA:73,1,0,38
BRDA:77,2,0,38
BRDA:81,3,0,39
BRDA:85,4,0,17
BRDA:92,5,0,5
BRDA:101,6,0,0
BRDA:102,7,0,0
BRDA:103,8,0,0
BRDA:120,9,0,0
BRDA:123,10,0,66
BRDA:124,11,0,0
BRDA:129,12,0,0
BRDA:162,13,0,39
BRDA:182,14,0,17
BRDA:212,15,0,1
BRDA:221,16,0,0
BRDA:226,17,0,0
BRDA:227,18,0,0
BRDA:228,19,0,0
BRDA:231,20,0,0
BRDA:235,21,0,0
BRDA:236,22,0,0
BRDA:269,23,0,0
BRDA:271,24,0,0
BRDA:272,25,0,0
BRDA:273,26,0,0
BRDA:274,27,0,0
BRDA:279,28,0,0
BRDA:229,29,0,1
BRDA:240,30,0,1
BRDA:241,31,0,2
BRDA:243,32,0,1
BRDA:267,33,0,0
BRDA:289,34,0,2
BRDA:292,35,0,0
BRDA:298,36,0,1
BRDA:298,37,0,1
BRDA:352,38,0,1
BRDA:354,39,0,0
BRDA:363,40,0,1
BRDA:365,41,0,0
BRDA:374,42,0,2
BRDA:407,43,0,1
BRDA:409,44,0,0
BRDA:414,45,0,0
BRDA:422,46,0,0
BRDA:398,47,0,1
BRDA:400,48,0,1
BRDA:430,49,0,18
BRDA:432,50,0,0
BRDA:516,51,0,16
BRDA:523,52,0,2
BRDA:524,53,0,0
BRDA:528,54,0,0
BRDA:532,55,0,0
BRDA:537,56,0,2
BRDA:541,57,0,0
BRDA:545,58,0,0
BRDA:549,59,0,0
BRDA:553,60,0,0
BRDA:558,61,0,10
BRDA:559,62,0,0
BRDA:634,63,0,2
BRDA:639,64,0,1
BRDA:639,65,0,1
BRDA:646,66,0,0
BRDA:646,67,0,0
BRDA:650,68,0,2
BRDA:650,69,0,0
BRDA:568,70,0,12
BRDA:569,71,0,0
BRDA:574,72,0,11
BRDA:574,73,0,1
BRDA:576,74,0,11
BRDA:576,75,0,0
BRDA:581,76,0,11
BRDA:581,77,0,1
BRDA:583,78,0,11
BRDA:583,79,0,0
BRDA:589,80,0,11
BRDA:591,81,0,0
BRDA:592,82,0,0
BRDA:593,83,0,0
BRDA:597,84,0,10
BRDA:598,85,0,10
BRDA:600,86,0,1
BRDA:603,87,0,10
BRDA:606,88,0,3
BRDA:608,89,0,7
BRDA:608,90,0,0
BRDA:610,91,0,1
BRDA:613,92,0,6
BRDA:613,93,0,1
BRDA:624,94,0,12
BRDA:625,95,0,12
BRDA:627,96,0,11
BRDA:628,97,0,11
BRDA:629,98,0,10
BRDA:630,99,0,10
BRDA:681,100,0,5
BRDA:694,101,0,0
BRDA:694,102,0,0
BRDA:682,103,0,5
BRDA:683,104,0,0
BRDA:690,105,0,0
BRDA:694,106,0,5
BRDA:706,107,0,8
BRDA:707,108,0,9
BRDA:708,109,0,5
BRDA:710,110,0,4
BRDA:718,111,0,3
BRDA:718,112,0,1
BRDA:724,113,0,9
BRDA:726,114,0,4
BRF:115
BRH:66
end_of_record
TN:
SF:src/lib/event-interaction-store.ts
FN:1,(empty-report)
FNF:1
FNH:1
FNDA:1,(empty-report)
DA:16,0
DA:17,0
DA:19,0
DA:20,0
DA:21,0
DA:23,0
DA:24,0
DA:25,0
DA:28,0
DA:29,0
DA:30,0
DA:31,0
DA:32,0
DA:35,0
DA:36,0
DA:37,0
DA:38,0
DA:40,0
DA:41,0
DA:42,0
DA:43,0
DA:44,0
DA:45,0
DA:46,0
DA:47,0
DA:48,0
DA:49,0
DA:50,0
DA:52,0
DA:53,0
DA:54,0
DA:55,0
DA:56,0
DA:57,0
DA:58,0
DA:59,0
DA:60,0
DA:61,0
DA:62,0
DA:64,0
DA:65,0
DA:66,0
DA:67,0
DA:68,0
DA:69,0
LF:45
LH:0
BRDA:1,0,0,1
BRF:1
BRH:1
end_of_record
TN:
SF:src/lib/event-routes.ts
FN:3,getEditEventPagePath
FN:7,getEventDetailPagePath
FNF:2
FNH:0
FNDA:0,getEditEventPagePath
FNDA:0,getEventDetailPagePath
DA:1,1
DA:3,1
DA:4,0
DA:5,0
DA:7,1
DA:8,0
DA:9,0
LF:7
LH:3
BRF:0
BRH:0
end_of_record
TN:
SF:src/lib/events-api.ts
FN:114,appendDiscoveryParams
FN:142,fetchEvents
FN:152,fetchAllEvents
FN:173,fetchCategories
FN:212,fetchGeoJsonEvents
FN:333,fetchEventDetail
FN:344,setAttendance
FN:352,removeAttendance
FN:378,fetchMyAttendeeQr
FN:382,fetchEventAttendees
FN:386,checkInAttendee
FN:397,addBookmark
FN:404,removeBookmark
FN:411,changeEventStatus
FN:422,deleteEvent
FN:429,fetchComments
FN:433,fetchSimilarEvents
FN:437,fetchMyGoingEvents
FN:441,postComment
FN:455,deleteComment
FN:462,fetchHostProfile
FN:466,rateHost
FN:501,fetchHostReviews
FN:544,fetchNotifications
FN:553,markNotificationRead
FN:562,markAllNotificationsRead
FN:569,fetchUnreadNotificationCount
FN:590,requestAccess
FN:597,fetchAccessRequests
FN:604,updateAccessRequest
FN:633,createInvite
FN:641,fetchInvites
FN:648,acceptInvite
FNF:33
FNH:23
FNDA:8,appendDiscoveryParams
FNDA:7,fetchEvents
FNDA:0,fetchAllEvents
FNDA:0,fetchCategories
FNDA:1,fetchGeoJsonEvents
FNDA:1,fetchEventDetail
FNDA:1,setAttendance
FNDA:1,removeAttendance
FNDA:1,fetchMyAttendeeQr
FNDA:1,fetchEventAttendees
FNDA:2,checkInAttendee
FNDA:1,addBookmark
FNDA:1,removeBookmark
FNDA:1,changeEventStatus
FNDA:1,deleteEvent
FNDA:1,fetchComments
FNDA:1,fetchSimilarEvents
FNDA:3,fetchMyGoingEvents
FNDA:2,postComment
FNDA:1,deleteComment
FNDA:1,fetchHostProfile
FNDA:4,rateHost
FNDA:0,fetchHostReviews
FNDA:1,fetchNotifications
FNDA:1,markNotificationRead
FNDA:1,markAllNotificationsRead
FNDA:0,fetchUnreadNotificationCount
FNDA:0,requestAccess
FNDA:0,fetchAccessRequests
FNDA:0,updateAccessRequest
FNDA:0,createInvite
FNDA:0,fetchInvites
FNDA:0,acceptInvite
DA:1,1
DA:114,8
DA:115,8
DA:116,8
DA:118,8
DA:119,8
DA:121,8
DA:122,8
DA:123,8
DA:124,8
DA:126,8
DA:127,8
DA:128,2
DA:129,2
DA:130,2
DA:131,2
DA:132,2
DA:133,2
DA:134,2
DA:136,8
DA:137,8
DA:138,8
DA:142,7
DA:143,7
DA:144,7
DA:145,7
DA:146,7
DA:148,7
DA:149,7
DA:150,7
DA:152,0
DA:153,0
DA:154,0
DA:155,0
DA:157,0
DA:158,0
DA:159,0
DA:161,0
DA:162,0
DA:163,0
DA:164,0
DA:165,0
DA:167,0
DA:168,0
DA:169,0
DA:170,0
DA:171,0
DA:173,0
DA:174,0
DA:175,0
DA:212,1
DA:213,1
DA:214,1
DA:215,1
DA:216,1
DA:217,1
DA:218,1
DA:219,1
DA:220,1
DA:221,1
DA:333,1
DA:335,1
DA:337,1
DA:338,1
DA:339,1
DA:340,1
DA:341,0
DA:342,0
DA:344,1
DA:345,1
DA:346,1
DA:347,1
DA:348,1
DA:349,1
DA:350,1
DA:352,1
DA:353,1
DA:354,1
DA:355,1
DA:356,1
DA:357,1
DA:378,1
DA:379,1
DA:380,1
DA:382,1
DA:383,1
DA:384,1
DA:386,2
DA:387,2
DA:388,2
DA:389,2
DA:390,2
DA:391,2
DA:392,2
DA:393,2
DA:394,2
DA:395,2
DA:397,1
DA:398,1
DA:399,1
DA:400,1
DA:401,1
DA:402,1
DA:404,1
DA:405,1
DA:406,1
DA:407,1
DA:408,1
DA:409,1
DA:411,1
DA:412,1
DA:413,1
DA:414,1
DA:415,1
DA:416,1
DA:417,1
DA:418,1
DA:419,1
DA:420,1
DA:422,1
DA:423,1
DA:424,1
DA:425,1
DA:426,1
DA:427,1
DA:429,1
DA:430,1
DA:431,1
DA:433,1
DA:434,1
DA:435,1
DA:437,3
DA:438,3
DA:439,3
DA:441,2
DA:442,2
DA:443,2
DA:444,2
DA:445,2
DA:446,2
DA:447,2
DA:448,2
DA:449,2
DA:450,2
DA:451,2
DA:452,2
DA:453,2
DA:455,1
DA:456,1
DA:457,1
DA:458,1
DA:459,1
DA:460,1
DA:462,1
DA:463,1
DA:464,1
DA:466,4
DA:467,4
DA:468,4
DA:469,4
DA:470,4
DA:471,4
DA:472,4
DA:473,4
DA:474,4
DA:475,4
DA:476,4
DA:477,4
DA:478,4
DA:479,4
DA:480,4
DA:501,0
DA:502,0
DA:503,0
DA:504,0
DA:505,0
DA:506,0
DA:507,0
DA:508,0
DA:509,0
DA:510,0
DA:544,1
DA:545,1
DA:546,1
DA:547,1
DA:548,1
DA:549,1
DA:550,1
DA:551,1
DA:553,1
DA:554,1
DA:555,1
DA:556,1
DA:557,1
DA:558,1
DA:559,1
DA:560,1
DA:562,1
DA:563,1
DA:564,1
DA:565,1
DA:566,1
DA:567,1
DA:569,0
DA:572,0
DA:573,0
DA:574,0
DA:590,0
DA:591,0
DA:592,0
DA:593,0
DA:594,0
DA:595,0
DA:597,0
DA:598,0
DA:599,0
DA:600,0
DA:601,0
DA:602,0
DA:604,0
DA:605,0
DA:606,0
DA:607,0
DA:608,0
DA:609,0
DA:610,0
DA:611,0
DA:612,0
DA:613,0
DA:614,0
DA:633,0
DA:634,0
DA:635,0
DA:636,0
DA:637,0
DA:638,0
DA:639,0
DA:641,0
DA:642,0
DA:643,0
DA:644,0
DA:645,0
DA:646,0
DA:648,0
DA:649,0
DA:650,0
DA:651,0
DA:652,0
DA:653,0
LF:249
LH:171
BRDA:114,0,0,8
BRDA:115,1,0,1
BRDA:115,2,0,0
BRDA:116,3,0,0
BRDA:118,4,0,6
BRDA:119,5,0,3
BRDA:121,6,0,1
BRDA:122,7,0,1
BRDA:123,8,0,1
BRDA:124,9,0,1
BRDA:127,10,0,2
BRDA:129,11,0,0
BRDA:130,12,0,1
BRDA:131,13,0,0
BRDA:132,14,0,0
BRDA:133,15,0,1
BRDA:136,16,0,1
BRDA:137,17,0,2
BRDA:142,18,0,7
BRDA:145,19,0,1
BRDA:145,20,0,1
BRDA:146,21,0,1
BRDA:149,22,0,5
BRDA:149,23,0,2
BRDA:212,24,0,1
BRDA:218,25,0,0
BRDA:333,26,0,1
BRDA:340,27,0,0
BRDA:344,28,0,1
BRDA:352,29,0,1
BRDA:378,30,0,1
BRDA:382,31,0,1
BRDA:386,32,0,2
BRDA:397,33,0,1
BRDA:404,34,0,1
BRDA:411,35,0,1
BRDA:422,36,0,1
BRDA:429,37,0,1
BRDA:433,38,0,1
BRDA:437,39,0,3
BRDA:441,40,0,2
BRDA:447,41,0,1
BRDA:455,42,0,1
BRDA:462,43,0,1
BRDA:466,44,0,4
BRDA:471,45,0,3
BRDA:473,46,0,2
BRDA:544,47,0,1
BRDA:553,48,0,1
BRDA:562,49,0,1
BRF:50
BRH:43
end_of_record
TN:
SF:src/lib/nominatim.ts
FN:34,pickFirst
FN:41,buildShortName
FN:52,suggestPlaces
FN:86,reverseGeocode
FNF:4
FNH:4
FNDA:6,pickFirst
FNDA:2,buildShortName
FNDA:6,suggestPlaces
FNDA:4,reverseGeocode
DA:34,6
DA:35,6
DA:36,14
DA:37,14
DA:38,3
DA:39,3
DA:41,2
DA:42,2
DA:43,2
DA:44,2
DA:45,2
DA:46,2
DA:47,2
DA:48,2
DA:49,2
DA:52,6
DA:53,6
DA:54,6
DA:55,6
DA:56,6
DA:57,6
DA:58,6
DA:59,5
DA:60,5
DA:61,5
DA:62,6
DA:63,3
DA:64,3
DA:65,3
DA:66,3
DA:67,3
DA:68,3
DA:69,3
DA:70,2
DA:71,3
DA:72,3
DA:73,3
DA:74,3
DA:75,3
DA:76,3
DA:77,3
DA:78,3
DA:79,3
DA:80,6
DA:81,1
DA:82,1
DA:83,6
DA:86,4
DA:87,4
DA:88,4
DA:89,4
DA:90,4
DA:91,4
DA:92,4
DA:93,4
DA:94,4
DA:95,3
DA:96,4
DA:97,4
DA:98,2
DA:99,4
DA:100,4
DA:101,1
DA:102,1
DA:103,4
LF:65
LH:65
BRDA:34,0,0,6
BRDA:35,1,0,14
BRDA:36,2,0,3
BRDA:36,3,0,3
BRDA:37,4,0,3
BRDA:41,5,0,2
BRDA:42,6,0,1
BRDA:47,7,0,1
BRDA:48,8,0,1
BRDA:48,9,0,0
BRDA:46,10,0,6
BRDA:52,11,0,6
BRDA:58,12,0,1
BRDA:58,13,0,5
BRDA:61,14,0,4
BRDA:62,15,0,1
BRDA:62,16,0,3
BRDA:80,17,0,1
BRDA:65,18,0,3
BRDA:67,19,0,0
BRDA:68,20,0,0
BRDA:69,21,0,2
BRDA:69,22,0,1
BRDA:69,23,0,2
BRDA:71,24,0,0
BRDA:74,25,0,2
BRDA:74,26,0,0
BRDA:79,27,0,3
BRDA:86,28,0,4
BRDA:93,29,0,3
BRDA:94,30,0,0
BRDA:94,31,0,3
BRDA:96,32,0,2
BRDA:97,33,0,1
BRDA:97,34,0,2
BRDA:99,35,0,1
BRDA:99,36,0,1
BRDA:100,37,0,1
BRF:38
BRH:32
end_of_record
TN:
SF:src/lib/profile-route.ts
FN:6,getProfileHref
FNF:1
FNH:1
FNDA:9,getProfileHref
DA:6,1
DA:7,9
DA:8,1
DA:9,1
DA:10,8
DA:11,8
LF:6
LH:6
BRDA:6,0,0,9
BRDA:7,1,0,8
BRDA:7,2,0,1
BRDA:9,3,0,8
BRF:4
BRH:4
end_of_record
TN:
SF:src/lib/session.ts
FN:44,notifyListeners
FN:50,updateSessionState
FN:55,getSessionState
FN:59,subscribeToSession
FN:66,markSessionLoading
FN:73,setAuthenticatedSession
FN:82,setGuestSession
FN:91,resetSessionState
FNF:8
FNH:7
FNDA:36,notifyListeners
FNDA:36,updateSessionState
FNDA:42,getSessionState
FNDA:1,subscribeToSession
FNDA:0,markSessionLoading
FNDA:28,setAuthenticatedSession
FNDA:6,setGuestSession
FNDA:2,resetSessionState
DA:34,1
DA:35,1
DA:36,1
DA:37,1
DA:38,1
DA:39,1
DA:41,1
DA:42,1
DA:44,36
DA:45,36
DA:46,1
DA:47,1
DA:48,36
DA:50,36
DA:51,36
DA:52,36
DA:53,36
DA:55,1
DA:56,42
DA:57,42
DA:59,1
DA:60,1
DA:61,1
DA:62,1
DA:63,1
DA:64,1
DA:66,1
DA:67,0
DA:68,0
DA:69,0
DA:70,0
DA:71,0
DA:73,1
DA:74,28
DA:75,28
DA:76,28
DA:77,28
DA:78,28
DA:79,28
DA:80,28
DA:82,1
DA:83,6
DA:84,6
DA:85,6
DA:86,6
DA:87,6
DA:88,6
DA:89,6
DA:91,1
DA:92,2
DA:93,2
LF:51
LH:46
BRDA:44,0,0,36
BRDA:45,1,0,1
BRDA:50,2,0,36
BRDA:55,3,0,42
BRDA:59,4,0,1
BRDA:61,5,0,1
BRDA:73,6,0,28
BRDA:82,7,0,6
BRDA:91,8,0,2
BRF:9
BRH:9
end_of_record
TN:
SF:src/lib/structured-data.ts
FN:1,(empty-report)
FNF:1
FNH:1
FNDA:1,(empty-report)
DA:21,0
DA:22,0
DA:23,0
DA:24,0
DA:25,0
DA:26,0
DA:27,0
DA:29,0
DA:30,0
DA:31,0
DA:33,0
DA:34,0
DA:35,0
DA:37,0
DA:38,0
DA:39,0
DA:40,0
DA:51,0
DA:52,0
DA:53,0
DA:54,0
DA:55,0
DA:56,0
DA:57,0
DA:58,0
DA:59,0
DA:60,0
DA:61,0
DA:62,0
DA:63,0
DA:64,0
DA:65,0
DA:68,0
DA:69,0
DA:70,0
DA:71,0
DA:75,0
DA:76,0
DA:77,0
DA:78,0
DA:80,0
DA:81,0
DA:82,0
DA:84,0
DA:85,0
DA:86,0
DA:88,0
DA:89,0
DA:90,0
DA:91,0
DA:92,0
DA:93,0
DA:94,0
DA:95,0
DA:96,0
DA:97,0
DA:98,0
DA:99,0
DA:101,0
DA:102,0
DA:103,0
DA:104,0
DA:105,0
DA:106,0
DA:107,0
DA:110,0
DA:111,0
DA:112,0
DA:119,0
DA:120,0
DA:121,0
DA:122,0
DA:123,0
DA:125,0
DA:126,0
DA:141,0
DA:142,0
DA:143,0
DA:144,0
DA:145,0
DA:146,0
DA:147,0
DA:148,0
DA:149,0
DA:150,0
DA:151,0
DA:153,0
DA:154,0
DA:155,0
DA:156,0
DA:157,0
DA:158,0
DA:160,0
DA:161,0
DA:162,0
DA:163,0
DA:164,0
DA:165,0
DA:166,0
DA:167,0
DA:169,0
DA:170,0
LF:102
LH:0
BRDA:1,0,0,1
BRF:1
BRH:1
end_of_record
TN:
SF:src/lib/utils.ts
FN:4,cn
FNF:1
FNH:1
FNDA:7232,cn
DA:1,1
DA:2,1
DA:4,1
DA:5,7232
DA:6,7232
LF:5
LH:5
BRDA:4,0,0,7232
BRF:1
BRH:1
end_of_record
TN:
SF:src/providers/auth-provider.tsx
FN:43,AuthProvider
FNF:1
FNH:0
FNDA:0,AuthProvider
DA:3,1
DA:4,1
DA:6,1
DA:13,1
DA:41,1
DA:43,1
DA:44,0
DA:45,0
DA:46,0
DA:47,0
DA:49,0
DA:51,0
DA:52,0
DA:53,0
DA:54,0
DA:56,0
DA:57,0
DA:58,0
DA:59,0
DA:61,0
DA:62,0
DA:63,0
DA:65,0
DA:66,0
DA:67,0
DA:68,0
DA:69,0
DA:71,0
DA:72,0
DA:73,0
DA:74,0
DA:76,0
DA:78,0
DA:79,0
DA:80,0
DA:81,0
DA:83,0
DA:84,0
DA:85,0
DA:87,0
DA:88,0
DA:89,0
DA:90,0
DA:92,0
DA:93,0
DA:94,0
DA:95,0
DA:97,0
DA:98,0
DA:99,0
DA:101,0
DA:102,0
DA:103,0
DA:104,0
DA:105,0
DA:106,0
DA:107,0
DA:108,0
DA:109,0
DA:110,0
DA:111,0
DA:113,0
DA:114,0
DA:115,0
DA:116,0
DA:117,0
DA:118,0
DA:119,0
DA:120,0
DA:121,0
DA:122,0
DA:123,0
DA:125,0
DA:126,0
DA:128,0
LF:75
LH:6
BRF:0
BRH:0
end_of_record
